CRITICAL - 2021-06-02 22:35:56 --> Invalid file: layout_polos/v_head.php
#0 H:\wamp64\www\TUBES-DIPL\system\View\View.php(203): CodeIgniter\Exceptions\FrameworkException::forInvalidFile('layout_polos/v_...')
#1 H:\wamp64\www\TUBES-DIPL\system\Common.php(1217): CodeIgniter\View\View->render('layout_polos/v_...', Array, true)
#2 H:\wamp64\www\TUBES-DIPL\app\Views\layout_pengguna\v_wraper.php(2): view('layout_polos/v_...')
#3 H:\wamp64\www\TUBES-DIPL\system\View\View.php(220): include('H:\\wamp64\\www\\T...')
#4 H:\wamp64\www\TUBES-DIPL\system\View\View.php(222): CodeIgniter\View\View->CodeIgniter\View\{closure}()
#5 H:\wamp64\www\TUBES-DIPL\system\Common.php(1217): CodeIgniter\View\View->render('layout_pengguna...', Array, true)
#6 H:\wamp64\www\TUBES-DIPL\app\Controllers\Home.php(22): view('layout_pengguna...', Array)
#7 H:\wamp64\www\TUBES-DIPL\system\CodeIgniter.php(936): App\Controllers\Home->sudah()
#8 H:\wamp64\www\TUBES-DIPL\system\CodeIgniter.php(432): CodeIgniter\CodeIgniter->runController(Object(App\Controllers\Home))
#9 H:\wamp64\www\TUBES-DIPL\system\CodeIgniter.php(333): CodeIgniter\CodeIgniter->handleRequest(NULL, Object(Config\Cache), false)
#10 H:\wamp64\www\TUBES-DIPL\index.php(44): CodeIgniter\CodeIgniter->run()
#11 {main}
CRITICAL - 2021-06-02 22:55:37 --> Invalid file: layout_pengguna/v_wraper.php
#0 H:\wamp64\www\TUBES-DIPL\system\View\View.php(203): CodeIgniter\Exceptions\FrameworkException::forInvalidFile('layout_pengguna...')
#1 H:\wamp64\www\TUBES-DIPL\system\Common.php(1217): CodeIgniter\View\View->render('layout_pengguna...', Array, true)
#2 H:\wamp64\www\TUBES-DIPL\app\Controllers\Home.php(22): view('layout_pengguna...', Array)
#3 H:\wamp64\www\TUBES-DIPL\system\CodeIgniter.php(936): App\Controllers\Home->v_home()
#4 H:\wamp64\www\TUBES-DIPL\system\CodeIgniter.php(432): CodeIgniter\CodeIgniter->runController(Object(App\Controllers\Home))
#5 H:\wamp64\www\TUBES-DIPL\system\CodeIgniter.php(333): CodeIgniter\CodeIgniter->handleRequest(NULL, Object(Config\Cache), false)
#6 H:\wamp64\www\TUBES-DIPL\index.php(44): CodeIgniter\CodeIgniter->run()
#7 {main}
CRITICAL - 2021-06-02 22:56:27 --> Invalid file: layout_pengguna/v_wraper.php
#0 H:\wamp64\www\TUBES-DIPL\system\View\View.php(203): CodeIgniter\Exceptions\FrameworkException::forInvalidFile('layout_pengguna...')
#1 H:\wamp64\www\TUBES-DIPL\system\Common.php(1217): CodeIgniter\View\View->render('layout_pengguna...', Array, true)
#2 H:\wamp64\www\TUBES-DIPL\app\Controllers\Home.php(22): view('layout_pengguna...', Array)
#3 H:\wamp64\www\TUBES-DIPL\system\CodeIgniter.php(936): App\Controllers\Home->v_home()
#4 H:\wamp64\www\TUBES-DIPL\system\CodeIgniter.php(432): CodeIgniter\CodeIgniter->runController(Object(App\Controllers\Home))
#5 H:\wamp64\www\TUBES-DIPL\system\CodeIgniter.php(333): CodeIgniter\CodeIgniter->handleRequest(NULL, Object(Config\Cache), false)
#6 H:\wamp64\www\TUBES-DIPL\index.php(44): CodeIgniter\CodeIgniter->run()
#7 {main}
CRITICAL - 2021-06-02 22:56:59 --> Invalid file: layout_pengguna/v_wraper.php
#0 H:\wamp64\www\TUBES-DIPL\system\View\View.php(203): CodeIgniter\Exceptions\FrameworkException::forInvalidFile('layout_pengguna...')
#1 H:\wamp64\www\TUBES-DIPL\system\Common.php(1217): CodeIgniter\View\View->render('layout_pengguna...', Array, true)
#2 H:\wamp64\www\TUBES-DIPL\app\Controllers\Home.php(22): view('layout_pengguna...', Array)
#3 H:\wamp64\www\TUBES-DIPL\system\CodeIgniter.php(936): App\Controllers\Home->v_home()
#4 H:\wamp64\www\TUBES-DIPL\system\CodeIgniter.php(432): CodeIgniter\CodeIgniter->runController(Object(App\Controllers\Home))
#5 H:\wamp64\www\TUBES-DIPL\system\CodeIgniter.php(333): CodeIgniter\CodeIgniter->handleRequest(NULL, Object(Config\Cache), false)
#6 H:\wamp64\www\TUBES-DIPL\index.php(44): CodeIgniter\CodeIgniter->run()
#7 {main}
CRITICAL - 2021-06-02 22:57:14 --> Invalid file: layout_pengguna/v_wraper.php
#0 H:\wamp64\www\TUBES-DIPL\system\View\View.php(203): CodeIgniter\Exceptions\FrameworkException::forInvalidFile('layout_pengguna...')
#1 H:\wamp64\www\TUBES-DIPL\system\Common.php(1217): CodeIgniter\View\View->render('layout_pengguna...', Array, true)
#2 H:\wamp64\www\TUBES-DIPL\app\Controllers\Home.php(22): view('layout_pengguna...', Array)
#3 H:\wamp64\www\TUBES-DIPL\system\CodeIgniter.php(936): App\Controllers\Home->v_home()
#4 H:\wamp64\www\TUBES-DIPL\system\CodeIgniter.php(432): CodeIgniter\CodeIgniter->runController(Object(App\Controllers\Home))
#5 H:\wamp64\www\TUBES-DIPL\system\CodeIgniter.php(333): CodeIgniter\CodeIgniter->handleRequest(NULL, Object(Config\Cache), false)
#6 H:\wamp64\www\TUBES-DIPL\index.php(44): CodeIgniter\CodeIgniter->run()
#7 {main}
CRITICAL - 2021-06-02 22:57:38 --> Invalid file: layout_pengguna/v_wraper.php
#0 H:\wamp64\www\TUBES-DIPL\system\View\View.php(203): CodeIgniter\Exceptions\FrameworkException::forInvalidFile('layout_pengguna...')
#1 H:\wamp64\www\TUBES-DIPL\system\Common.php(1217): CodeIgniter\View\View->render('layout_pengguna...', Array, true)
#2 H:\wamp64\www\TUBES-DIPL\app\Controllers\Home.php(22): view('layout_pengguna...', Array)
#3 H:\wamp64\www\TUBES-DIPL\system\CodeIgniter.php(936): App\Controllers\Home->v_home()
#4 H:\wamp64\www\TUBES-DIPL\system\CodeIgniter.php(432): CodeIgniter\CodeIgniter->runController(Object(App\Controllers\Home))
#5 H:\wamp64\www\TUBES-DIPL\system\CodeIgniter.php(333): CodeIgniter\CodeIgniter->handleRequest(NULL, Object(Config\Cache), false)
#6 H:\wamp64\www\TUBES-DIPL\index.php(44): CodeIgniter\CodeIgniter->run()
#7 {main}
CRITICAL - 2021-06-02 23:03:08 --> Invalid file: layout_pengguna/v_wraper.php
#0 H:\wamp64\www\TUBES-DIPL\system\View\View.php(203): CodeIgniter\Exceptions\FrameworkException::forInvalidFile('layout_pengguna...')
#1 H:\wamp64\www\TUBES-DIPL\system\Common.php(1217): CodeIgniter\View\View->render('layout_pengguna...', Array, true)
#2 H:\wamp64\www\TUBES-DIPL\app\Controllers\Profile_Pengguna.php(13): view('layout_pengguna...', Array)
#3 H:\wamp64\www\TUBES-DIPL\system\CodeIgniter.php(936): App\Controllers\Profile_Pengguna->index()
#4 H:\wamp64\www\TUBES-DIPL\system\CodeIgniter.php(432): CodeIgniter\CodeIgniter->runController(Object(App\Controllers\Profile_Pengguna))
#5 H:\wamp64\www\TUBES-DIPL\system\CodeIgniter.php(333): CodeIgniter\CodeIgniter->handleRequest(NULL, Object(Config\Cache), false)
#6 H:\wamp64\www\TUBES-DIPL\index.php(44): CodeIgniter\CodeIgniter->run()
#7 {main}
CRITICAL - 2021-06-02 23:04:31 --> Invalid file: layout_pengguna/v_wraper.php
#0 H:\wamp64\www\TUBES-DIPL\system\View\View.php(203): CodeIgniter\Exceptions\FrameworkException::forInvalidFile('layout_pengguna...')
#1 H:\wamp64\www\TUBES-DIPL\system\Common.php(1217): CodeIgniter\View\View->render('layout_pengguna...', Array, true)
#2 H:\wamp64\www\TUBES-DIPL\app\Controllers\Profile_Pengguna.php(13): view('layout_pengguna...', Array)
#3 H:\wamp64\www\TUBES-DIPL\system\CodeIgniter.php(936): App\Controllers\Profile_Pengguna->index()
#4 H:\wamp64\www\TUBES-DIPL\system\CodeIgniter.php(432): CodeIgniter\CodeIgniter->runController(Object(App\Controllers\Profile_Pengguna))
#5 H:\wamp64\www\TUBES-DIPL\system\CodeIgniter.php(333): CodeIgniter\CodeIgniter->handleRequest(NULL, Object(Config\Cache), false)
#6 H:\wamp64\www\TUBES-DIPL\index.php(44): CodeIgniter\CodeIgniter->run()
#7 {main}
CRITICAL - 2021-06-02 23:04:42 --> Invalid file: layout_pengguna/v_wraper.php
#0 H:\wamp64\www\TUBES-DIPL\system\View\View.php(203): CodeIgniter\Exceptions\FrameworkException::forInvalidFile('layout_pengguna...')
#1 H:\wamp64\www\TUBES-DIPL\system\Common.php(1217): CodeIgniter\View\View->render('layout_pengguna...', Array, true)
#2 H:\wamp64\www\TUBES-DIPL\app\Controllers\Profile_Pengguna.php(13): view('layout_pengguna...', Array)
#3 H:\wamp64\www\TUBES-DIPL\system\CodeIgniter.php(936): App\Controllers\Profile_Pengguna->index()
#4 H:\wamp64\www\TUBES-DIPL\system\CodeIgniter.php(432): CodeIgniter\CodeIgniter->runController(Object(App\Controllers\Profile_Pengguna))
#5 H:\wamp64\www\TUBES-DIPL\system\CodeIgniter.php(333): CodeIgniter\CodeIgniter->handleRequest(NULL, Object(Config\Cache), false)
#6 H:\wamp64\www\TUBES-DIPL\index.php(44): CodeIgniter\CodeIgniter->run()
#7 {main}
CRITICAL - 2021-06-02 23:08:49 --> Invalid file: layout/v_nav_login.php
#0 H:\wamp64\www\TUBES-DIPL\system\View\View.php(203): CodeIgniter\Exceptions\FrameworkException::forInvalidFile('layout/v_nav_lo...')
#1 H:\wamp64\www\TUBES-DIPL\system\Common.php(1217): CodeIgniter\View\View->render('layout/v_nav_lo...', Array, true)
#2 H:\wamp64\www\TUBES-DIPL\app\Views\layout\v_wraper.php(3): view('layout/v_nav_lo...')
#3 H:\wamp64\www\TUBES-DIPL\system\View\View.php(220): include('H:\\wamp64\\www\\T...')
#4 H:\wamp64\www\TUBES-DIPL\system\View\View.php(222): CodeIgniter\View\View->CodeIgniter\View\{closure}()
#5 H:\wamp64\www\TUBES-DIPL\system\Common.php(1217): CodeIgniter\View\View->render('layout/v_wraper', Array, true)
#6 H:\wamp64\www\TUBES-DIPL\app\Controllers\Home.php(13): view('layout/v_wraper', Array)
#7 H:\wamp64\www\TUBES-DIPL\system\CodeIgniter.php(936): App\Controllers\Home->index()
#8 H:\wamp64\www\TUBES-DIPL\system\CodeIgniter.php(432): CodeIgniter\CodeIgniter->runController(Object(App\Controllers\Home))
#9 H:\wamp64\www\TUBES-DIPL\system\CodeIgniter.php(333): CodeIgniter\CodeIgniter->handleRequest(NULL, Object(Config\Cache), false)
#10 H:\wamp64\www\TUBES-DIPL\index.php(44): CodeIgniter\CodeIgniter->run()
#11 {main}
CRITICAL - 2021-06-02 23:08:51 --> Invalid file: layout/v_nav_login.php
#0 H:\wamp64\www\TUBES-DIPL\system\View\View.php(203): CodeIgniter\Exceptions\FrameworkException::forInvalidFile('layout/v_nav_lo...')
#1 H:\wamp64\www\TUBES-DIPL\system\Common.php(1217): CodeIgniter\View\View->render('layout/v_nav_lo...', Array, true)
#2 H:\wamp64\www\TUBES-DIPL\app\Views\layout\v_wraper.php(3): view('layout/v_nav_lo...')
#3 H:\wamp64\www\TUBES-DIPL\system\View\View.php(220): include('H:\\wamp64\\www\\T...')
#4 H:\wamp64\www\TUBES-DIPL\system\View\View.php(222): CodeIgniter\View\View->CodeIgniter\View\{closure}()
#5 H:\wamp64\www\TUBES-DIPL\system\Common.php(1217): CodeIgniter\View\View->render('layout/v_wraper', Array, true)
#6 H:\wamp64\www\TUBES-DIPL\app\Controllers\Home.php(13): view('layout/v_wraper', Array)
#7 H:\wamp64\www\TUBES-DIPL\system\CodeIgniter.php(936): App\Controllers\Home->index()
#8 H:\wamp64\www\TUBES-DIPL\system\CodeIgniter.php(432): CodeIgniter\CodeIgniter->runController(Object(App\Controllers\Home))
#9 H:\wamp64\www\TUBES-DIPL\system\CodeIgniter.php(333): CodeIgniter\CodeIgniter->handleRequest(NULL, Object(Config\Cache), false)
#10 H:\wamp64\www\TUBES-DIPL\index.php(44): CodeIgniter\CodeIgniter->run()
#11 {main}
CRITICAL - 2021-06-02 23:22:52 --> Undefined variable: isi
#0 H:\wamp64\www\TUBES-DIPL\app\Views\layout_pengguna\v_content.php(2): CodeIgniter\Debug\Exceptions->errorHandler(8, 'Undefined varia...', 'H:\\wamp64\\www\\T...', 2, Array)
#1 H:\wamp64\www\TUBES-DIPL\system\View\View.php(220): include('H:\\wamp64\\www\\T...')
#2 H:\wamp64\www\TUBES-DIPL\system\View\View.php(222): CodeIgniter\View\View->CodeIgniter\View\{closure}()
#3 H:\wamp64\www\TUBES-DIPL\system\Common.php(1217): CodeIgniter\View\View->render('layout_pengguna...', Array, true)
#4 H:\wamp64\www\TUBES-DIPL\app\Views\layout_pengguna\v_wraper.php(4): view('layout_pengguna...')
#5 H:\wamp64\www\TUBES-DIPL\system\View\View.php(220): include('H:\\wamp64\\www\\T...')
#6 H:\wamp64\www\TUBES-DIPL\system\View\View.php(222): CodeIgniter\View\View->CodeIgniter\View\{closure}()
#7 H:\wamp64\www\TUBES-DIPL\system\Common.php(1217): CodeIgniter\View\View->render('layout_pengguna...', Array, true)
#8 H:\wamp64\www\TUBES-DIPL\app\Controllers\Pengguna.php(13): view('layout_pengguna...', Array)
#9 H:\wamp64\www\TUBES-DIPL\system\CodeIgniter.php(936): App\Controllers\Pengguna->index()
#10 H:\wamp64\www\TUBES-DIPL\system\CodeIgniter.php(432): CodeIgniter\CodeIgniter->runController(Object(App\Controllers\Pengguna))
#11 H:\wamp64\www\TUBES-DIPL\system\CodeIgniter.php(333): CodeIgniter\CodeIgniter->handleRequest(NULL, Object(Config\Cache), false)
#12 H:\wamp64\www\TUBES-DIPL\index.php(44): CodeIgniter\CodeIgniter->run()
#13 {main}
