CRITICAL - 2021-05-12 01:41:57 --> Call to undefined function form_open()
#0 H:\wamp64\www\TUBES-DIPL\system\View\View.php(220): include()
#1 H:\wamp64\www\TUBES-DIPL\system\View\View.php(222): CodeIgniter\View\View->CodeIgniter\View\{closure}()
#2 H:\wamp64\www\TUBES-DIPL\system\Common.php(1217): CodeIgniter\View\View->render('v_login', Array, true)
#3 H:\wamp64\www\TUBES-DIPL\app\Controllers\Login.php(12): view('v_login', Array)
#4 H:\wamp64\www\TUBES-DIPL\system\CodeIgniter.php(936): App\Controllers\Login->index()
#5 H:\wamp64\www\TUBES-DIPL\system\CodeIgniter.php(432): CodeIgniter\CodeIgniter->runController(Object(App\Controllers\Login))
#6 H:\wamp64\www\TUBES-DIPL\system\CodeIgniter.php(333): CodeIgniter\CodeIgniter->handleRequest(NULL, Object(Config\Cache), false)
#7 H:\wamp64\www\TUBES-DIPL\index.php(44): CodeIgniter\CodeIgniter->run()
#8 {main}
CRITICAL - 2021-05-12 02:08:09 --> syntax error, unexpected 'echo' (T_ECHO)
#0 H:\wamp64\www\TUBES-DIPL\system\View\View.php(222): CodeIgniter\View\View->CodeIgniter\View\{closure}()
#1 H:\wamp64\www\TUBES-DIPL\system\Common.php(1217): CodeIgniter\View\View->render('v_login', Array, true)
#2 H:\wamp64\www\TUBES-DIPL\app\Controllers\Login.php(18): view('v_login', Array)
#3 H:\wamp64\www\TUBES-DIPL\system\CodeIgniter.php(936): App\Controllers\Login->index()
#4 H:\wamp64\www\TUBES-DIPL\system\CodeIgniter.php(432): CodeIgniter\CodeIgniter->runController(Object(App\Controllers\Login))
#5 H:\wamp64\www\TUBES-DIPL\system\CodeIgniter.php(333): CodeIgniter\CodeIgniter->handleRequest(NULL, Object(Config\Cache), false)
#6 H:\wamp64\www\TUBES-DIPL\index.php(44): CodeIgniter\CodeIgniter->run()
#7 {main}
CRITICAL - 2021-05-12 02:09:30 --> Call to undefined method CodeIgniter\Validation\Validation::getErrorss()
#0 H:\wamp64\www\TUBES-DIPL\system\CodeIgniter.php(936): App\Controllers\Login->login()
#1 H:\wamp64\www\TUBES-DIPL\system\CodeIgniter.php(432): CodeIgniter\CodeIgniter->runController(Object(App\Controllers\Login))
#2 H:\wamp64\www\TUBES-DIPL\system\CodeIgniter.php(333): CodeIgniter\CodeIgniter->handleRequest(NULL, Object(Config\Cache), false)
#3 H:\wamp64\www\TUBES-DIPL\index.php(44): CodeIgniter\CodeIgniter->run()
#4 {main}
CRITICAL - 2021-05-12 02:09:54 --> Call to undefined function App\Controllers\basee_url()
#0 H:\wamp64\www\TUBES-DIPL\system\CodeIgniter.php(936): App\Controllers\Login->login()
#1 H:\wamp64\www\TUBES-DIPL\system\CodeIgniter.php(432): CodeIgniter\CodeIgniter->runController(Object(App\Controllers\Login))
#2 H:\wamp64\www\TUBES-DIPL\system\CodeIgniter.php(333): CodeIgniter\CodeIgniter->handleRequest(NULL, Object(Config\Cache), false)
#3 H:\wamp64\www\TUBES-DIPL\index.php(44): CodeIgniter\CodeIgniter->run()
#4 {main}
CRITICAL - 2021-05-12 06:05:33 --> syntax error, unexpected '$password' (T_VARIABLE)
#0 H:\wamp64\www\TUBES-DIPL\system\Router\Router.php(170): CodeIgniter\Router\Router->autoRoute('Login')
#1 H:\wamp64\www\TUBES-DIPL\system\CodeIgniter.php(816): CodeIgniter\Router\Router->handle('Login')
#2 H:\wamp64\www\TUBES-DIPL\system\CodeIgniter.php(385): CodeIgniter\CodeIgniter->tryToRouteIt(Object(CodeIgniter\Router\RouteCollection))
#3 H:\wamp64\www\TUBES-DIPL\system\CodeIgniter.php(333): CodeIgniter\CodeIgniter->handleRequest(NULL, Object(Config\Cache), false)
#4 H:\wamp64\www\TUBES-DIPL\index.php(44): CodeIgniter\CodeIgniter->run()
#5 {main}
CRITICAL - 2021-05-12 06:05:46 --> syntax error, unexpected ','
#0 H:\wamp64\www\TUBES-DIPL\system\Router\Router.php(170): CodeIgniter\Router\Router->autoRoute('Login')
#1 H:\wamp64\www\TUBES-DIPL\system\CodeIgniter.php(816): CodeIgniter\Router\Router->handle('Login')
#2 H:\wamp64\www\TUBES-DIPL\system\CodeIgniter.php(385): CodeIgniter\CodeIgniter->tryToRouteIt(Object(CodeIgniter\Router\RouteCollection))
#3 H:\wamp64\www\TUBES-DIPL\system\CodeIgniter.php(333): CodeIgniter\CodeIgniter->handleRequest(NULL, Object(Config\Cache), false)
#4 H:\wamp64\www\TUBES-DIPL\index.php(44): CodeIgniter\CodeIgniter->run()
#5 {main}
CRITICAL - 2021-05-12 06:14:19 --> Class 'App\Model_Login' not found
#0 H:\wamp64\www\TUBES-DIPL\system\CodeIgniter.php(908): App\Controllers\Login->__construct()
#1 H:\wamp64\www\TUBES-DIPL\system\CodeIgniter.php(422): CodeIgniter\CodeIgniter->createController()
#2 H:\wamp64\www\TUBES-DIPL\system\CodeIgniter.php(333): CodeIgniter\CodeIgniter->handleRequest(NULL, Object(Config\Cache), false)
#3 H:\wamp64\www\TUBES-DIPL\index.php(44): CodeIgniter\CodeIgniter->run()
#4 {main}
CRITICAL - 2021-05-12 06:16:36 --> Class 'App\Model_Login' not found
#0 H:\wamp64\www\TUBES-DIPL\system\CodeIgniter.php(908): App\Controllers\Login->__construct()
#1 H:\wamp64\www\TUBES-DIPL\system\CodeIgniter.php(422): CodeIgniter\CodeIgniter->createController()
#2 H:\wamp64\www\TUBES-DIPL\system\CodeIgniter.php(333): CodeIgniter\CodeIgniter->handleRequest(NULL, Object(Config\Cache), false)
#3 H:\wamp64\www\TUBES-DIPL\index.php(44): CodeIgniter\CodeIgniter->run()
#4 {main}
CRITICAL - 2021-05-12 06:17:15 --> Class 'App\Model_Login' not found
#0 H:\wamp64\www\TUBES-DIPL\system\CodeIgniter.php(908): App\Controllers\Login->__construct()
#1 H:\wamp64\www\TUBES-DIPL\system\CodeIgniter.php(422): CodeIgniter\CodeIgniter->createController()
#2 H:\wamp64\www\TUBES-DIPL\system\CodeIgniter.php(333): CodeIgniter\CodeIgniter->handleRequest(NULL, Object(Config\Cache), false)
#3 H:\wamp64\www\TUBES-DIPL\index.php(44): CodeIgniter\CodeIgniter->run()
#4 {main}
CRITICAL - 2021-05-12 06:18:11 --> Class 'app\Models\Model_Login' not found
#0 H:\wamp64\www\TUBES-DIPL\system\Autoloader\Autoloader.php(294): include_once()
#1 H:\wamp64\www\TUBES-DIPL\system\Autoloader\Autoloader.php(265): CodeIgniter\Autoloader\Autoloader->includeFile('H:\\wamp64\\www\\T...')
#2 H:\wamp64\www\TUBES-DIPL\system\Autoloader\Autoloader.php(228): CodeIgniter\Autoloader\Autoloader->loadInNamespace('App\\Models\\Mode...')
#3 [internal function]: CodeIgniter\Autoloader\Autoloader->loadClass('App\\Models\\Mode...')
#4 H:\wamp64\www\TUBES-DIPL\app\Controllers\Login.php(12): spl_autoload_call('App\\Models\\Mode...')
#5 H:\wamp64\www\TUBES-DIPL\system\CodeIgniter.php(908): App\Controllers\Login->__construct()
#6 H:\wamp64\www\TUBES-DIPL\system\CodeIgniter.php(422): CodeIgniter\CodeIgniter->createController()
#7 H:\wamp64\www\TUBES-DIPL\system\CodeIgniter.php(333): CodeIgniter\CodeIgniter->handleRequest(NULL, Object(Config\Cache), false)
#8 H:\wamp64\www\TUBES-DIPL\index.php(44): CodeIgniter\CodeIgniter->run()
#9 {main}
CRITICAL - 2021-05-12 06:20:11 --> Undefined index: usernamee
#0 H:\wamp64\www\TUBES-DIPL\app\Controllers\Login.php(49): CodeIgniter\Debug\Exceptions->errorHandler(8, 'Undefined index...', 'H:\\wamp64\\www\\T...', 49, Array)
#1 H:\wamp64\www\TUBES-DIPL\system\CodeIgniter.php(936): App\Controllers\Login->login()
#2 H:\wamp64\www\TUBES-DIPL\system\CodeIgniter.php(432): CodeIgniter\CodeIgniter->runController(Object(App\Controllers\Login))
#3 H:\wamp64\www\TUBES-DIPL\system\CodeIgniter.php(333): CodeIgniter\CodeIgniter->handleRequest(NULL, Object(Config\Cache), false)
#4 H:\wamp64\www\TUBES-DIPL\index.php(44): CodeIgniter\CodeIgniter->run()
#5 {main}
CRITICAL - 2021-05-12 06:28:21 --> syntax error, unexpected '<', expecting end of file
#0 H:\wamp64\www\TUBES-DIPL\system\View\View.php(222): CodeIgniter\View\View->CodeIgniter\View\{closure}()
#1 H:\wamp64\www\TUBES-DIPL\system\Common.php(1217): CodeIgniter\View\View->render('v_login', Array, true)
#2 H:\wamp64\www\TUBES-DIPL\app\Controllers\Login.php(20): view('v_login', Array)
#3 H:\wamp64\www\TUBES-DIPL\system\CodeIgniter.php(936): App\Controllers\Login->index()
#4 H:\wamp64\www\TUBES-DIPL\system\CodeIgniter.php(432): CodeIgniter\CodeIgniter->runController(Object(App\Controllers\Login))
#5 H:\wamp64\www\TUBES-DIPL\system\CodeIgniter.php(333): CodeIgniter\CodeIgniter->handleRequest(NULL, Object(Config\Cache), false)
#6 H:\wamp64\www\TUBES-DIPL\index.php(44): CodeIgniter\CodeIgniter->run()
#7 {main}
CRITICAL - 2021-05-12 08:59:17 --> syntax error, unexpected '=>' (T_DOUBLE_ARROW), expecting ']'
#0 H:\wamp64\www\TUBES-DIPL\system\Autoloader\Autoloader.php(265): CodeIgniter\Autoloader\Autoloader->includeFile('H:\\wamp64\\www\\T...')
#1 H:\wamp64\www\TUBES-DIPL\system\Autoloader\Autoloader.php(228): CodeIgniter\Autoloader\Autoloader->loadInNamespace('Config\\Filters')
#2 [internal function]: CodeIgniter\Autoloader\Autoloader->loadClass('Config\\Filters')
#3 [internal function]: spl_autoload_call('Config\\Filters')
#4 H:\wamp64\www\TUBES-DIPL\system\Config\Factories.php(144): class_exists('Config\\Filters')
#5 H:\wamp64\www\TUBES-DIPL\system\Config\Factories.php(109): CodeIgniter\Config\Factories::locateClass(Array, 'Filters')
#6 H:\wamp64\www\TUBES-DIPL\system\Common.php(225): CodeIgniter\Config\Factories::__callStatic('config', Array)
#7 H:\wamp64\www\TUBES-DIPL\system\Config\Services.php(283): config('Filters')
#8 H:\wamp64\www\TUBES-DIPL\system\Config\BaseService.php(100): CodeIgniter\Config\Services::filters(NULL, false)
#9 H:\wamp64\www\TUBES-DIPL\system\Config\Services.php(280): CodeIgniter\Config\BaseService::getSharedInstance('filters', NULL)
#10 H:\wamp64\www\TUBES-DIPL\system\Config\BaseService.php(171): CodeIgniter\Config\Services::filters()
#11 H:\wamp64\www\TUBES-DIPL\system\CodeIgniter.php(388): CodeIgniter\Config\BaseService::__callStatic('filters', Array)
#12 H:\wamp64\www\TUBES-DIPL\system\CodeIgniter.php(333): CodeIgniter\CodeIgniter->handleRequest(NULL, Object(Config\Cache), false)
#13 H:\wamp64\www\TUBES-DIPL\index.php(44): CodeIgniter\CodeIgniter->run()
#14 {main}
CRITICAL - 2021-05-12 09:00:05 --> Class 'App\Filters\Filter_Login\Honeypot' not found
#0 H:\wamp64\www\TUBES-DIPL\system\CodeIgniter.php(403): CodeIgniter\Filters\Filters->run('home', 'before')
#1 H:\wamp64\www\TUBES-DIPL\system\CodeIgniter.php(333): CodeIgniter\CodeIgniter->handleRequest(NULL, Object(Config\Cache), false)
#2 H:\wamp64\www\TUBES-DIPL\index.php(44): CodeIgniter\CodeIgniter->run()
#3 {main}
CRITICAL - 2021-05-12 09:04:46 --> syntax error, unexpected ';', expecting ']'
#0 H:\wamp64\www\TUBES-DIPL\system\Autoloader\Autoloader.php(265): CodeIgniter\Autoloader\Autoloader->includeFile('H:\\wamp64\\www\\T...')
#1 H:\wamp64\www\TUBES-DIPL\system\Autoloader\Autoloader.php(228): CodeIgniter\Autoloader\Autoloader->loadInNamespace('Config\\Filters')
#2 [internal function]: CodeIgniter\Autoloader\Autoloader->loadClass('Config\\Filters')
#3 [internal function]: spl_autoload_call('Config\\Filters')
#4 H:\wamp64\www\TUBES-DIPL\system\Config\Factories.php(144): class_exists('Config\\Filters')
#5 H:\wamp64\www\TUBES-DIPL\system\Config\Factories.php(109): CodeIgniter\Config\Factories::locateClass(Array, 'Filters')
#6 H:\wamp64\www\TUBES-DIPL\system\Common.php(225): CodeIgniter\Config\Factories::__callStatic('config', Array)
#7 H:\wamp64\www\TUBES-DIPL\system\Config\Services.php(283): config('Filters')
#8 H:\wamp64\www\TUBES-DIPL\system\Config\BaseService.php(100): CodeIgniter\Config\Services::filters(NULL, false)
#9 H:\wamp64\www\TUBES-DIPL\system\Config\Services.php(280): CodeIgniter\Config\BaseService::getSharedInstance('filters', NULL)
#10 H:\wamp64\www\TUBES-DIPL\system\Config\BaseService.php(171): CodeIgniter\Config\Services::filters()
#11 H:\wamp64\www\TUBES-DIPL\system\CodeIgniter.php(388): CodeIgniter\Config\BaseService::__callStatic('filters', Array)
#12 H:\wamp64\www\TUBES-DIPL\system\CodeIgniter.php(333): CodeIgniter\CodeIgniter->handleRequest(NULL, Object(Config\Cache), false)
#13 H:\wamp64\www\TUBES-DIPL\index.php(44): CodeIgniter\CodeIgniter->run()
#14 {main}
