CRITICAL - 2021-05-13 06:23:36 --> Invalid file: v_home.php
#0 H:\wamp64\www\TUBES-DIPL\system\View\View.php(203): CodeIgniter\Exceptions\FrameworkException::forInvalidFile('v_home.php')
#1 H:\wamp64\www\TUBES-DIPL\system\Common.php(1217): CodeIgniter\View\View->render('v_home', Array, true)
#2 H:\wamp64\www\TUBES-DIPL\app\Views\layout\v_content.php(3): view('v_home')
#3 H:\wamp64\www\TUBES-DIPL\system\View\View.php(220): include('H:\\wamp64\\www\\T...')
#4 H:\wamp64\www\TUBES-DIPL\system\View\View.php(222): CodeIgniter\View\View->CodeIgniter\View\{closure}()
#5 H:\wamp64\www\TUBES-DIPL\system\Common.php(1217): CodeIgniter\View\View->render('layout/v_conten...', Array, true)
#6 H:\wamp64\www\TUBES-DIPL\app\Views\layout\v_wraper.php(5): view('layout/v_conten...')
#7 H:\wamp64\www\TUBES-DIPL\system\View\View.php(220): include('H:\\wamp64\\www\\T...')
#8 H:\wamp64\www\TUBES-DIPL\system\View\View.php(222): CodeIgniter\View\View->CodeIgniter\View\{closure}()
#9 H:\wamp64\www\TUBES-DIPL\system\Common.php(1217): CodeIgniter\View\View->render('layout/v_wraper', Array, true)
#10 H:\wamp64\www\TUBES-DIPL\app\Controllers\Home.php(13): view('layout/v_wraper', Array)
#11 H:\wamp64\www\TUBES-DIPL\system\CodeIgniter.php(936): App\Controllers\Home->index()
#12 H:\wamp64\www\TUBES-DIPL\system\CodeIgniter.php(432): CodeIgniter\CodeIgniter->runController(Object(App\Controllers\Home))
#13 H:\wamp64\www\TUBES-DIPL\system\CodeIgniter.php(333): CodeIgniter\CodeIgniter->handleRequest(NULL, Object(Config\Cache), false)
#14 H:\wamp64\www\TUBES-DIPL\index.php(44): CodeIgniter\CodeIgniter->run()
#15 {main}
CRITICAL - 2021-05-13 06:24:26 --> Invalid file: v_home.php
#0 H:\wamp64\www\TUBES-DIPL\system\View\View.php(203): CodeIgniter\Exceptions\FrameworkException::forInvalidFile('v_home.php')
#1 H:\wamp64\www\TUBES-DIPL\system\Common.php(1217): CodeIgniter\View\View->render('v_home', Array, true)
#2 H:\wamp64\www\TUBES-DIPL\app\Views\layout\v_content.php(3): view('v_home')
#3 H:\wamp64\www\TUBES-DIPL\system\View\View.php(220): include('H:\\wamp64\\www\\T...')
#4 H:\wamp64\www\TUBES-DIPL\system\View\View.php(222): CodeIgniter\View\View->CodeIgniter\View\{closure}()
#5 H:\wamp64\www\TUBES-DIPL\system\Common.php(1217): CodeIgniter\View\View->render('layout/v_conten...', Array, true)
#6 H:\wamp64\www\TUBES-DIPL\app\Views\layout\v_wraper.php(5): view('layout/v_conten...')
#7 H:\wamp64\www\TUBES-DIPL\system\View\View.php(220): include('H:\\wamp64\\www\\T...')
#8 H:\wamp64\www\TUBES-DIPL\system\View\View.php(222): CodeIgniter\View\View->CodeIgniter\View\{closure}()
#9 H:\wamp64\www\TUBES-DIPL\system\Common.php(1217): CodeIgniter\View\View->render('layout/v_wraper', Array, true)
#10 H:\wamp64\www\TUBES-DIPL\app\Controllers\Home.php(13): view('layout/v_wraper', Array)
#11 H:\wamp64\www\TUBES-DIPL\system\CodeIgniter.php(936): App\Controllers\Home->index()
#12 H:\wamp64\www\TUBES-DIPL\system\CodeIgniter.php(432): CodeIgniter\CodeIgniter->runController(Object(App\Controllers\Home))
#13 H:\wamp64\www\TUBES-DIPL\system\CodeIgniter.php(333): CodeIgniter\CodeIgniter->handleRequest(NULL, Object(Config\Cache), false)
#14 H:\wamp64\www\TUBES-DIPL\index.php(44): CodeIgniter\CodeIgniter->run()
#15 {main}
CRITICAL - 2021-05-13 06:24:30 --> Invalid file: v_home.php
#0 H:\wamp64\www\TUBES-DIPL\system\View\View.php(203): CodeIgniter\Exceptions\FrameworkException::forInvalidFile('v_home.php')
#1 H:\wamp64\www\TUBES-DIPL\system\Common.php(1217): CodeIgniter\View\View->render('v_home', Array, true)
#2 H:\wamp64\www\TUBES-DIPL\app\Views\layout\v_content.php(3): view('v_home')
#3 H:\wamp64\www\TUBES-DIPL\system\View\View.php(220): include('H:\\wamp64\\www\\T...')
#4 H:\wamp64\www\TUBES-DIPL\system\View\View.php(222): CodeIgniter\View\View->CodeIgniter\View\{closure}()
#5 H:\wamp64\www\TUBES-DIPL\system\Common.php(1217): CodeIgniter\View\View->render('layout/v_conten...', Array, true)
#6 H:\wamp64\www\TUBES-DIPL\app\Views\layout\v_wraper.php(5): view('layout/v_conten...')
#7 H:\wamp64\www\TUBES-DIPL\system\View\View.php(220): include('H:\\wamp64\\www\\T...')
#8 H:\wamp64\www\TUBES-DIPL\system\View\View.php(222): CodeIgniter\View\View->CodeIgniter\View\{closure}()
#9 H:\wamp64\www\TUBES-DIPL\system\Common.php(1217): CodeIgniter\View\View->render('layout/v_wraper', Array, true)
#10 H:\wamp64\www\TUBES-DIPL\app\Controllers\Home.php(13): view('layout/v_wraper', Array)
#11 H:\wamp64\www\TUBES-DIPL\system\CodeIgniter.php(936): App\Controllers\Home->index()
#12 H:\wamp64\www\TUBES-DIPL\system\CodeIgniter.php(432): CodeIgniter\CodeIgniter->runController(Object(App\Controllers\Home))
#13 H:\wamp64\www\TUBES-DIPL\system\CodeIgniter.php(333): CodeIgniter\CodeIgniter->handleRequest(NULL, Object(Config\Cache), false)
#14 H:\wamp64\www\TUBES-DIPL\index.php(44): CodeIgniter\CodeIgniter->run()
#15 {main}
CRITICAL - 2021-05-13 06:24:44 --> Invalid file: v_home.php
#0 H:\wamp64\www\TUBES-DIPL\system\View\View.php(203): CodeIgniter\Exceptions\FrameworkException::forInvalidFile('v_home.php')
#1 H:\wamp64\www\TUBES-DIPL\system\Common.php(1217): CodeIgniter\View\View->render('v_home', Array, true)
#2 H:\wamp64\www\TUBES-DIPL\app\Views\layout\v_content.php(3): view('v_home')
#3 H:\wamp64\www\TUBES-DIPL\system\View\View.php(220): include('H:\\wamp64\\www\\T...')
#4 H:\wamp64\www\TUBES-DIPL\system\View\View.php(222): CodeIgniter\View\View->CodeIgniter\View\{closure}()
#5 H:\wamp64\www\TUBES-DIPL\system\Common.php(1217): CodeIgniter\View\View->render('layout/v_conten...', Array, true)
#6 H:\wamp64\www\TUBES-DIPL\app\Views\layout\v_wraper.php(5): view('layout/v_conten...')
#7 H:\wamp64\www\TUBES-DIPL\system\View\View.php(220): include('H:\\wamp64\\www\\T...')
#8 H:\wamp64\www\TUBES-DIPL\system\View\View.php(222): CodeIgniter\View\View->CodeIgniter\View\{closure}()
#9 H:\wamp64\www\TUBES-DIPL\system\Common.php(1217): CodeIgniter\View\View->render('layout/v_wraper', Array, true)
#10 H:\wamp64\www\TUBES-DIPL\app\Controllers\Home.php(13): view('layout/v_wraper', Array)
#11 H:\wamp64\www\TUBES-DIPL\system\CodeIgniter.php(936): App\Controllers\Home->index()
#12 H:\wamp64\www\TUBES-DIPL\system\CodeIgniter.php(432): CodeIgniter\CodeIgniter->runController(Object(App\Controllers\Home))
#13 H:\wamp64\www\TUBES-DIPL\system\CodeIgniter.php(333): CodeIgniter\CodeIgniter->handleRequest(NULL, Object(Config\Cache), false)
#14 H:\wamp64\www\TUBES-DIPL\index.php(44): CodeIgniter\CodeIgniter->run()
#15 {main}
CRITICAL - 2021-05-13 06:25:10 --> Invalid file: v_home.php
#0 H:\wamp64\www\TUBES-DIPL\system\View\View.php(203): CodeIgniter\Exceptions\FrameworkException::forInvalidFile('v_home.php')
#1 H:\wamp64\www\TUBES-DIPL\system\Common.php(1217): CodeIgniter\View\View->render('v_home', Array, true)
#2 H:\wamp64\www\TUBES-DIPL\app\Views\layout\v_content.php(3): view('v_home')
#3 H:\wamp64\www\TUBES-DIPL\system\View\View.php(220): include('H:\\wamp64\\www\\T...')
#4 H:\wamp64\www\TUBES-DIPL\system\View\View.php(222): CodeIgniter\View\View->CodeIgniter\View\{closure}()
#5 H:\wamp64\www\TUBES-DIPL\system\Common.php(1217): CodeIgniter\View\View->render('layout/v_conten...', Array, true)
#6 H:\wamp64\www\TUBES-DIPL\app\Views\layout\v_wraper.php(5): view('layout/v_conten...')
#7 H:\wamp64\www\TUBES-DIPL\system\View\View.php(220): include('H:\\wamp64\\www\\T...')
#8 H:\wamp64\www\TUBES-DIPL\system\View\View.php(222): CodeIgniter\View\View->CodeIgniter\View\{closure}()
#9 H:\wamp64\www\TUBES-DIPL\system\Common.php(1217): CodeIgniter\View\View->render('layout/v_wraper', Array, true)
#10 H:\wamp64\www\TUBES-DIPL\app\Controllers\Home.php(13): view('layout/v_wraper', Array)
#11 H:\wamp64\www\TUBES-DIPL\system\CodeIgniter.php(936): App\Controllers\Home->index()
#12 H:\wamp64\www\TUBES-DIPL\system\CodeIgniter.php(432): CodeIgniter\CodeIgniter->runController(Object(App\Controllers\Home))
#13 H:\wamp64\www\TUBES-DIPL\system\CodeIgniter.php(333): CodeIgniter\CodeIgniter->handleRequest(NULL, Object(Config\Cache), false)
#14 H:\wamp64\www\TUBES-DIPL\index.php(44): CodeIgniter\CodeIgniter->run()
#15 {main}
CRITICAL - 2021-05-13 06:25:14 --> Invalid file: v_home.php
#0 H:\wamp64\www\TUBES-DIPL\system\View\View.php(203): CodeIgniter\Exceptions\FrameworkException::forInvalidFile('v_home.php')
#1 H:\wamp64\www\TUBES-DIPL\system\Common.php(1217): CodeIgniter\View\View->render('v_home', Array, true)
#2 H:\wamp64\www\TUBES-DIPL\app\Views\layout\v_content.php(3): view('v_home')
#3 H:\wamp64\www\TUBES-DIPL\system\View\View.php(220): include('H:\\wamp64\\www\\T...')
#4 H:\wamp64\www\TUBES-DIPL\system\View\View.php(222): CodeIgniter\View\View->CodeIgniter\View\{closure}()
#5 H:\wamp64\www\TUBES-DIPL\system\Common.php(1217): CodeIgniter\View\View->render('layout/v_conten...', Array, true)
#6 H:\wamp64\www\TUBES-DIPL\app\Views\layout\v_wraper.php(5): view('layout/v_conten...')
#7 H:\wamp64\www\TUBES-DIPL\system\View\View.php(220): include('H:\\wamp64\\www\\T...')
#8 H:\wamp64\www\TUBES-DIPL\system\View\View.php(222): CodeIgniter\View\View->CodeIgniter\View\{closure}()
#9 H:\wamp64\www\TUBES-DIPL\system\Common.php(1217): CodeIgniter\View\View->render('layout/v_wraper', Array, true)
#10 H:\wamp64\www\TUBES-DIPL\app\Controllers\Home.php(13): view('layout/v_wraper', Array)
#11 H:\wamp64\www\TUBES-DIPL\system\CodeIgniter.php(936): App\Controllers\Home->index()
#12 H:\wamp64\www\TUBES-DIPL\system\CodeIgniter.php(432): CodeIgniter\CodeIgniter->runController(Object(App\Controllers\Home))
#13 H:\wamp64\www\TUBES-DIPL\system\CodeIgniter.php(333): CodeIgniter\CodeIgniter->handleRequest(NULL, Object(Config\Cache), false)
#14 H:\wamp64\www\TUBES-DIPL\index.php(44): CodeIgniter\CodeIgniter->run()
#15 {main}
CRITICAL - 2021-05-13 09:30:50 --> syntax error, unexpected '>'
#0 H:\wamp64\www\TUBES-DIPL\system\Autoloader\Autoloader.php(265): CodeIgniter\Autoloader\Autoloader->includeFile('H:\\wamp64\\www\\T...')
#1 H:\wamp64\www\TUBES-DIPL\system\Autoloader\Autoloader.php(228): CodeIgniter\Autoloader\Autoloader->loadInNamespace('App\\Filters\\Fil...')
#2 [internal function]: CodeIgniter\Autoloader\Autoloader->loadClass('App\\Filters\\Fil...')
#3 H:\wamp64\www\TUBES-DIPL\system\Filters\Filters.php(172): spl_autoload_call('App\\Filters\\Fil...')
#4 H:\wamp64\www\TUBES-DIPL\system\CodeIgniter.php(450): CodeIgniter\Filters\Filters->run('Login/index', 'after')
#5 H:\wamp64\www\TUBES-DIPL\system\CodeIgniter.php(333): CodeIgniter\CodeIgniter->handleRequest(NULL, Object(Config\Cache), false)
#6 H:\wamp64\www\TUBES-DIPL\index.php(44): CodeIgniter\CodeIgniter->run()
#7 {main}
CRITICAL - 2021-05-13 09:31:05 --> Class 'App\Filters\Filter_Login' not found
#0 H:\wamp64\www\TUBES-DIPL\system\CodeIgniter.php(450): CodeIgniter\Filters\Filters->run('Login/index', 'after')
#1 H:\wamp64\www\TUBES-DIPL\system\CodeIgniter.php(333): CodeIgniter\CodeIgniter->handleRequest(NULL, Object(Config\Cache), false)
#2 H:\wamp64\www\TUBES-DIPL\index.php(44): CodeIgniter\CodeIgniter->run()
#3 {main}
CRITICAL - 2021-05-13 09:31:49 --> Class 'App\Filters\Filter_Login' not found
#0 H:\wamp64\www\TUBES-DIPL\system\CodeIgniter.php(450): CodeIgniter\Filters\Filters->run('Login/index', 'after')
#1 H:\wamp64\www\TUBES-DIPL\system\CodeIgniter.php(333): CodeIgniter\CodeIgniter->handleRequest(NULL, Object(Config\Cache), false)
#2 H:\wamp64\www\TUBES-DIPL\index.php(44): CodeIgniter\CodeIgniter->run()
#3 {main}
CRITICAL - 2021-05-13 09:32:31 --> Class 'App\Filters\Filter_Login' not found
#0 H:\wamp64\www\TUBES-DIPL\system\CodeIgniter.php(450): CodeIgniter\Filters\Filters->run('Login', 'after')
#1 H:\wamp64\www\TUBES-DIPL\system\CodeIgniter.php(333): CodeIgniter\CodeIgniter->handleRequest(NULL, Object(Config\Cache), false)
#2 H:\wamp64\www\TUBES-DIPL\index.php(44): CodeIgniter\CodeIgniter->run()
#3 {main}
CRITICAL - 2021-05-13 09:47:33 --> Class 'App\Filters\Filter_Login' not found
#0 H:\wamp64\www\TUBES-DIPL\system\CodeIgniter.php(450): CodeIgniter\Filters\Filters->run('Login', 'after')
#1 H:\wamp64\www\TUBES-DIPL\system\CodeIgniter.php(333): CodeIgniter\CodeIgniter->handleRequest(NULL, Object(Config\Cache), false)
#2 H:\wamp64\www\TUBES-DIPL\index.php(44): CodeIgniter\CodeIgniter->run()
#3 {main}
CRITICAL - 2021-05-13 09:48:24 --> Filter_Login filter must have a matching alias defined.
#0 H:\wamp64\www\TUBES-DIPL\system\Filters\Filters.php(527): CodeIgniter\Filters\Exceptions\FilterException::forNoAlias('Filter_Login')
#1 H:\wamp64\www\TUBES-DIPL\system\Filters\Filters.php(265): CodeIgniter\Filters\Filters->processAliasesToClass('after')
#2 H:\wamp64\www\TUBES-DIPL\system\Filters\Filters.php(168): CodeIgniter\Filters\Filters->initialize('login')
#3 H:\wamp64\www\TUBES-DIPL\system\CodeIgniter.php(403): CodeIgniter\Filters\Filters->run('Login', 'before')
#4 H:\wamp64\www\TUBES-DIPL\system\CodeIgniter.php(333): CodeIgniter\CodeIgniter->handleRequest(NULL, Object(Config\Cache), false)
#5 H:\wamp64\www\TUBES-DIPL\index.php(44): CodeIgniter\CodeIgniter->run()
#6 {main}
CRITICAL - 2021-05-13 10:00:29 --> Undefined variable: admin
#0 H:\wamp64\www\TUBES-DIPL\app\Views\layout_admin\v_content.php(2): CodeIgniter\Debug\Exceptions->errorHandler(8, 'Undefined varia...', 'H:\\wamp64\\www\\T...', 2, Array)
#1 H:\wamp64\www\TUBES-DIPL\system\View\View.php(220): include('H:\\wamp64\\www\\T...')
#2 H:\wamp64\www\TUBES-DIPL\system\View\View.php(222): CodeIgniter\View\View->CodeIgniter\View\{closure}()
#3 H:\wamp64\www\TUBES-DIPL\system\Common.php(1217): CodeIgniter\View\View->render('layout_admin/v_...', Array, true)
#4 H:\wamp64\www\TUBES-DIPL\app\Views\layout_admin\v_wraper.php(5): view('layout_admin/v_...')
#5 H:\wamp64\www\TUBES-DIPL\system\View\View.php(220): include('H:\\wamp64\\www\\T...')
#6 H:\wamp64\www\TUBES-DIPL\system\View\View.php(222): CodeIgniter\View\View->CodeIgniter\View\{closure}()
#7 H:\wamp64\www\TUBES-DIPL\system\Common.php(1217): CodeIgniter\View\View->render('layout_admin/v_...', Array, true)
#8 H:\wamp64\www\TUBES-DIPL\app\Controllers\Dashboard.php(13): view('layout_admin/v_...', Array)
#9 H:\wamp64\www\TUBES-DIPL\system\CodeIgniter.php(936): App\Controllers\Dashboard->index()
#10 H:\wamp64\www\TUBES-DIPL\system\CodeIgniter.php(432): CodeIgniter\CodeIgniter->runController(Object(App\Controllers\Dashboard))
#11 H:\wamp64\www\TUBES-DIPL\system\CodeIgniter.php(333): CodeIgniter\CodeIgniter->handleRequest(NULL, Object(Config\Cache), false)
#12 H:\wamp64\www\TUBES-DIPL\index.php(44): CodeIgniter\CodeIgniter->run()
#13 {main}
