CRITICAL - 2021-06-03 05:56:29 --> Undefined variable: pengguna
#0 H:\wamp64\www\TUBES-DIPL\app\Views\layout_pengguna\v_content.php(2): CodeIgniter\Debug\Exceptions->errorHandler(8, 'Undefined varia...', 'H:\\wamp64\\www\\T...', 2, Array)
#1 H:\wamp64\www\TUBES-DIPL\system\View\View.php(220): include('H:\\wamp64\\www\\T...')
#2 H:\wamp64\www\TUBES-DIPL\system\View\View.php(222): CodeIgniter\View\View->CodeIgniter\View\{closure}()
#3 H:\wamp64\www\TUBES-DIPL\system\Common.php(1217): CodeIgniter\View\View->render('layout_pengguna...', Array, true)
#4 H:\wamp64\www\TUBES-DIPL\app\Views\layout_pengguna\v_wraper.php(4): view('layout_pengguna...')
#5 H:\wamp64\www\TUBES-DIPL\system\View\View.php(220): include('H:\\wamp64\\www\\T...')
#6 H:\wamp64\www\TUBES-DIPL\system\View\View.php(222): CodeIgniter\View\View->CodeIgniter\View\{closure}()
#7 H:\wamp64\www\TUBES-DIPL\system\Common.php(1217): CodeIgniter\View\View->render('layout_pengguna...', Array, true)
#8 H:\wamp64\www\TUBES-DIPL\app\Controllers\Profile_Pengguna.php(13): view('layout_pengguna...', Array)
#9 H:\wamp64\www\TUBES-DIPL\system\CodeIgniter.php(936): App\Controllers\Profile_Pengguna->index()
#10 H:\wamp64\www\TUBES-DIPL\system\CodeIgniter.php(432): CodeIgniter\CodeIgniter->runController(Object(App\Controllers\Profile_Pengguna))
#11 H:\wamp64\www\TUBES-DIPL\system\CodeIgniter.php(333): CodeIgniter\CodeIgniter->handleRequest(NULL, Object(Config\Cache), false)
#12 H:\wamp64\www\TUBES-DIPL\index.php(44): CodeIgniter\CodeIgniter->run()
#13 {main}
CRITICAL - 2021-06-03 05:57:37 --> Undefined variable: pengguna
#0 H:\wamp64\www\TUBES-DIPL\app\Views\layout_pengguna\v_content.php(2): CodeIgniter\Debug\Exceptions->errorHandler(8, 'Undefined varia...', 'H:\\wamp64\\www\\T...', 2, Array)
#1 H:\wamp64\www\TUBES-DIPL\system\View\View.php(220): include('H:\\wamp64\\www\\T...')
#2 H:\wamp64\www\TUBES-DIPL\system\View\View.php(222): CodeIgniter\View\View->CodeIgniter\View\{closure}()
#3 H:\wamp64\www\TUBES-DIPL\system\Common.php(1217): CodeIgniter\View\View->render('layout_pengguna...', Array, true)
#4 H:\wamp64\www\TUBES-DIPL\app\Views\layout_pengguna\v_wraper.php(4): view('layout_pengguna...')
#5 H:\wamp64\www\TUBES-DIPL\system\View\View.php(220): include('H:\\wamp64\\www\\T...')
#6 H:\wamp64\www\TUBES-DIPL\system\View\View.php(222): CodeIgniter\View\View->CodeIgniter\View\{closure}()
#7 H:\wamp64\www\TUBES-DIPL\system\Common.php(1217): CodeIgniter\View\View->render('layout_pengguna...', Array, true)
#8 H:\wamp64\www\TUBES-DIPL\app\Controllers\Profile_Pengguna.php(13): view('layout_pengguna...', Array)
#9 H:\wamp64\www\TUBES-DIPL\system\CodeIgniter.php(936): App\Controllers\Profile_Pengguna->index()
#10 H:\wamp64\www\TUBES-DIPL\system\CodeIgniter.php(432): CodeIgniter\CodeIgniter->runController(Object(App\Controllers\Profile_Pengguna))
#11 H:\wamp64\www\TUBES-DIPL\system\CodeIgniter.php(333): CodeIgniter\CodeIgniter->handleRequest(NULL, Object(Config\Cache), false)
#12 H:\wamp64\www\TUBES-DIPL\index.php(44): CodeIgniter\CodeIgniter->run()
#13 {main}
CRITICAL - 2021-06-03 05:59:17 --> Undefined variable: pengguna
#0 H:\wamp64\www\TUBES-DIPL\app\Views\layout_pengguna\v_content.php(2): CodeIgniter\Debug\Exceptions->errorHandler(8, 'Undefined varia...', 'H:\\wamp64\\www\\T...', 2, Array)
#1 H:\wamp64\www\TUBES-DIPL\system\View\View.php(220): include('H:\\wamp64\\www\\T...')
#2 H:\wamp64\www\TUBES-DIPL\system\View\View.php(222): CodeIgniter\View\View->CodeIgniter\View\{closure}()
#3 H:\wamp64\www\TUBES-DIPL\system\Common.php(1217): CodeIgniter\View\View->render('layout_pengguna...', Array, true)
#4 H:\wamp64\www\TUBES-DIPL\app\Views\layout_pengguna\v_wraper.php(4): view('layout_pengguna...')
#5 H:\wamp64\www\TUBES-DIPL\system\View\View.php(220): include('H:\\wamp64\\www\\T...')
#6 H:\wamp64\www\TUBES-DIPL\system\View\View.php(222): CodeIgniter\View\View->CodeIgniter\View\{closure}()
#7 H:\wamp64\www\TUBES-DIPL\system\Common.php(1217): CodeIgniter\View\View->render('layout_pengguna...', Array, true)
#8 H:\wamp64\www\TUBES-DIPL\app\Controllers\Profile_Pengguna.php(13): view('layout_pengguna...', Array)
#9 H:\wamp64\www\TUBES-DIPL\system\CodeIgniter.php(936): App\Controllers\Profile_Pengguna->index()
#10 H:\wamp64\www\TUBES-DIPL\system\CodeIgniter.php(432): CodeIgniter\CodeIgniter->runController(Object(App\Controllers\Profile_Pengguna))
#11 H:\wamp64\www\TUBES-DIPL\system\CodeIgniter.php(333): CodeIgniter\CodeIgniter->handleRequest(NULL, Object(Config\Cache), false)
#12 H:\wamp64\www\TUBES-DIPL\index.php(44): CodeIgniter\CodeIgniter->run()
#13 {main}
CRITICAL - 2021-06-03 07:39:49 --> syntax error, unexpected 'alt' (T_STRING), expecting ')'
#0 H:\wamp64\www\TUBES-DIPL\system\View\View.php(222): CodeIgniter\View\View->CodeIgniter\View\{closure}()
#1 H:\wamp64\www\TUBES-DIPL\system\Common.php(1217): CodeIgniter\View\View->render('layout_pengguna...', Array, true)
#2 H:\wamp64\www\TUBES-DIPL\app\Views\layout_pengguna\v_wraper.php(3): view('layout_pengguna...')
#3 H:\wamp64\www\TUBES-DIPL\system\View\View.php(220): include('H:\\wamp64\\www\\T...')
#4 H:\wamp64\www\TUBES-DIPL\system\View\View.php(222): CodeIgniter\View\View->CodeIgniter\View\{closure}()
#5 H:\wamp64\www\TUBES-DIPL\system\Common.php(1217): CodeIgniter\View\View->render('layout_pengguna...', Array, true)
#6 H:\wamp64\www\TUBES-DIPL\app\Controllers\Pengguna.php(13): view('layout_pengguna...', Array)
#7 H:\wamp64\www\TUBES-DIPL\system\CodeIgniter.php(936): App\Controllers\Pengguna->index()
#8 H:\wamp64\www\TUBES-DIPL\system\CodeIgniter.php(432): CodeIgniter\CodeIgniter->runController(Object(App\Controllers\Pengguna))
#9 H:\wamp64\www\TUBES-DIPL\system\CodeIgniter.php(333): CodeIgniter\CodeIgniter->handleRequest(NULL, Object(Config\Cache), false)
#10 H:\wamp64\www\TUBES-DIPL\index.php(44): CodeIgniter\CodeIgniter->run()
#11 {main}
CRITICAL - 2021-06-03 08:01:07 --> Undefined variable: pengguna
#0 H:\wamp64\www\TUBES-DIPL\app\Views\layout_pengguna\v_content.php(2): CodeIgniter\Debug\Exceptions->errorHandler(8, 'Undefined varia...', 'H:\\wamp64\\www\\T...', 2, Array)
#1 H:\wamp64\www\TUBES-DIPL\system\View\View.php(220): include('H:\\wamp64\\www\\T...')
#2 H:\wamp64\www\TUBES-DIPL\system\View\View.php(222): CodeIgniter\View\View->CodeIgniter\View\{closure}()
#3 H:\wamp64\www\TUBES-DIPL\system\Common.php(1217): CodeIgniter\View\View->render('layout_pengguna...', Array, true)
#4 H:\wamp64\www\TUBES-DIPL\app\Views\layout_pengguna\v_wraper.php(4): view('layout_pengguna...')
#5 H:\wamp64\www\TUBES-DIPL\system\View\View.php(220): include('H:\\wamp64\\www\\T...')
#6 H:\wamp64\www\TUBES-DIPL\system\View\View.php(222): CodeIgniter\View\View->CodeIgniter\View\{closure}()
#7 H:\wamp64\www\TUBES-DIPL\system\Common.php(1217): CodeIgniter\View\View->render('layout_pengguna...', Array, true)
#8 H:\wamp64\www\TUBES-DIPL\app\Controllers\Login.php(100): view('layout_pengguna...', Array)
#9 H:\wamp64\www\TUBES-DIPL\system\CodeIgniter.php(936): App\Controllers\Login->Daftar()
#10 H:\wamp64\www\TUBES-DIPL\system\CodeIgniter.php(432): CodeIgniter\CodeIgniter->runController(Object(App\Controllers\Login))
#11 H:\wamp64\www\TUBES-DIPL\system\CodeIgniter.php(333): CodeIgniter\CodeIgniter->handleRequest(NULL, Object(Config\Cache), false)
#12 H:\wamp64\www\TUBES-DIPL\index.php(44): CodeIgniter\CodeIgniter->run()
#13 {main}
CRITICAL - 2021-06-03 08:04:20 --> Undefined variable: isi
#0 H:\wamp64\www\TUBES-DIPL\app\Views\layout\v_content.php(2): CodeIgniter\Debug\Exceptions->errorHandler(8, 'Undefined varia...', 'H:\\wamp64\\www\\T...', 2, Array)
#1 H:\wamp64\www\TUBES-DIPL\system\View\View.php(220): include('H:\\wamp64\\www\\T...')
#2 H:\wamp64\www\TUBES-DIPL\system\View\View.php(222): CodeIgniter\View\View->CodeIgniter\View\{closure}()
#3 H:\wamp64\www\TUBES-DIPL\system\Common.php(1217): CodeIgniter\View\View->render('layout/v_conten...', Array, true)
#4 H:\wamp64\www\TUBES-DIPL\app\Views\layout\v_wraper.php(5): view('layout/v_conten...')
#5 H:\wamp64\www\TUBES-DIPL\system\View\View.php(220): include('H:\\wamp64\\www\\T...')
#6 H:\wamp64\www\TUBES-DIPL\system\View\View.php(222): CodeIgniter\View\View->CodeIgniter\View\{closure}()
#7 H:\wamp64\www\TUBES-DIPL\system\Common.php(1217): CodeIgniter\View\View->render('layout/v_wraper', Array, true)
#8 H:\wamp64\www\TUBES-DIPL\app\Controllers\Pengguna.php(21): view('layout/v_wraper', Array)
#9 H:\wamp64\www\TUBES-DIPL\system\CodeIgniter.php(936): App\Controllers\Pengguna->Daftar()
#10 H:\wamp64\www\TUBES-DIPL\system\CodeIgniter.php(432): CodeIgniter\CodeIgniter->runController(Object(App\Controllers\Pengguna))
#11 H:\wamp64\www\TUBES-DIPL\system\CodeIgniter.php(333): CodeIgniter\CodeIgniter->handleRequest(NULL, Object(Config\Cache), false)
#12 H:\wamp64\www\TUBES-DIPL\index.php(44): CodeIgniter\CodeIgniter->run()
#13 {main}
CRITICAL - 2021-06-03 08:28:06 --> Undefined variable: isi
#0 H:\wamp64\www\TUBES-DIPL\app\Views\layout\v_content.php(2): CodeIgniter\Debug\Exceptions->errorHandler(8, 'Undefined varia...', 'H:\\wamp64\\www\\T...', 2, Array)
#1 H:\wamp64\www\TUBES-DIPL\system\View\View.php(220): include('H:\\wamp64\\www\\T...')
#2 H:\wamp64\www\TUBES-DIPL\system\View\View.php(222): CodeIgniter\View\View->CodeIgniter\View\{closure}()
#3 H:\wamp64\www\TUBES-DIPL\system\Common.php(1217): CodeIgniter\View\View->render('layout/v_conten...', Array, true)
#4 H:\wamp64\www\TUBES-DIPL\app\Views\layout\v_wraper.php(5): view('layout/v_conten...')
#5 H:\wamp64\www\TUBES-DIPL\system\View\View.php(220): include('H:\\wamp64\\www\\T...')
#6 H:\wamp64\www\TUBES-DIPL\system\View\View.php(222): CodeIgniter\View\View->CodeIgniter\View\{closure}()
#7 H:\wamp64\www\TUBES-DIPL\system\Common.php(1217): CodeIgniter\View\View->render('layout/v_wraper', Array, true)
#8 H:\wamp64\www\TUBES-DIPL\app\Controllers\Login.php(20): view('layout/v_wraper', Array)
#9 H:\wamp64\www\TUBES-DIPL\system\CodeIgniter.php(936): App\Controllers\Login->index()
#10 H:\wamp64\www\TUBES-DIPL\system\CodeIgniter.php(432): CodeIgniter\CodeIgniter->runController(Object(App\Controllers\Login))
#11 H:\wamp64\www\TUBES-DIPL\system\CodeIgniter.php(333): CodeIgniter\CodeIgniter->handleRequest(NULL, Object(Config\Cache), false)
#12 H:\wamp64\www\TUBES-DIPL\index.php(44): CodeIgniter\CodeIgniter->run()
#13 {main}
CRITICAL - 2021-06-03 08:28:26 --> Undefined variable: pengguna
#0 H:\wamp64\www\TUBES-DIPL\app\Views\layout_login\v_content.php(2): CodeIgniter\Debug\Exceptions->errorHandler(8, 'Undefined varia...', 'H:\\wamp64\\www\\T...', 2, Array)
#1 H:\wamp64\www\TUBES-DIPL\system\View\View.php(220): include('H:\\wamp64\\www\\T...')
#2 H:\wamp64\www\TUBES-DIPL\system\View\View.php(222): CodeIgniter\View\View->CodeIgniter\View\{closure}()
#3 H:\wamp64\www\TUBES-DIPL\system\Common.php(1217): CodeIgniter\View\View->render('layout_login/v_...', Array, true)
#4 H:\wamp64\www\TUBES-DIPL\app\Views\layout_login\v_wraper.php(4): view('layout_login/v_...')
#5 H:\wamp64\www\TUBES-DIPL\system\View\View.php(220): include('H:\\wamp64\\www\\T...')
#6 H:\wamp64\www\TUBES-DIPL\system\View\View.php(222): CodeIgniter\View\View->CodeIgniter\View\{closure}()
#7 H:\wamp64\www\TUBES-DIPL\system\Common.php(1217): CodeIgniter\View\View->render('layout_login/v_...', Array, true)
#8 H:\wamp64\www\TUBES-DIPL\app\Controllers\Login.php(20): view('layout_login/v_...', Array)
#9 H:\wamp64\www\TUBES-DIPL\system\CodeIgniter.php(936): App\Controllers\Login->index()
#10 H:\wamp64\www\TUBES-DIPL\system\CodeIgniter.php(432): CodeIgniter\CodeIgniter->runController(Object(App\Controllers\Login))
#11 H:\wamp64\www\TUBES-DIPL\system\CodeIgniter.php(333): CodeIgniter\CodeIgniter->handleRequest(NULL, Object(Config\Cache), false)
#12 H:\wamp64\www\TUBES-DIPL\index.php(44): CodeIgniter\CodeIgniter->run()
#13 {main}
CRITICAL - 2021-06-03 09:25:08 --> Undefined variable: pengguna
#0 H:\wamp64\www\TUBES-DIPL\app\Views\layout_pengguna\v_content.php(2): CodeIgniter\Debug\Exceptions->errorHandler(8, 'Undefined varia...', 'H:\\wamp64\\www\\T...', 2, Array)
#1 H:\wamp64\www\TUBES-DIPL\system\View\View.php(220): include('H:\\wamp64\\www\\T...')
#2 H:\wamp64\www\TUBES-DIPL\system\View\View.php(222): CodeIgniter\View\View->CodeIgniter\View\{closure}()
#3 H:\wamp64\www\TUBES-DIPL\system\Common.php(1217): CodeIgniter\View\View->render('layout_pengguna...', Array, true)
#4 H:\wamp64\www\TUBES-DIPL\app\Views\layout_pengguna\v_wraper.php(4): view('layout_pengguna...')
#5 H:\wamp64\www\TUBES-DIPL\system\View\View.php(220): include('H:\\wamp64\\www\\T...')
#6 H:\wamp64\www\TUBES-DIPL\system\View\View.php(222): CodeIgniter\View\View->CodeIgniter\View\{closure}()
#7 H:\wamp64\www\TUBES-DIPL\system\Common.php(1217): CodeIgniter\View\View->render('layout_Pengguna...', Array, true)
#8 H:\wamp64\www\TUBES-DIPL\app\Controllers\Login_Pengguna.php(13): view('layout_Pengguna...', Array)
#9 H:\wamp64\www\TUBES-DIPL\system\CodeIgniter.php(936): App\Controllers\Login_Pengguna->index()
#10 H:\wamp64\www\TUBES-DIPL\system\CodeIgniter.php(432): CodeIgniter\CodeIgniter->runController(Object(App\Controllers\Login_Pengguna))
#11 H:\wamp64\www\TUBES-DIPL\system\CodeIgniter.php(333): CodeIgniter\CodeIgniter->handleRequest(NULL, Object(Config\Cache), false)
#12 H:\wamp64\www\TUBES-DIPL\index.php(44): CodeIgniter\CodeIgniter->run()
#13 {main}
CRITICAL - 2021-06-03 09:25:22 --> Call to undefined function form_open()
#0 H:\wamp64\www\TUBES-DIPL\system\View\View.php(220): include()
#1 H:\wamp64\www\TUBES-DIPL\system\View\View.php(222): CodeIgniter\View\View->CodeIgniter\View\{closure}()
#2 H:\wamp64\www\TUBES-DIPL\system\Common.php(1217): CodeIgniter\View\View->render('login\\login_pen...', Array, true)
#3 H:\wamp64\www\TUBES-DIPL\app\Views\layout_login\v_content.php(3): view('login\\login_pen...')
#4 H:\wamp64\www\TUBES-DIPL\system\View\View.php(220): include('H:\\wamp64\\www\\T...')
#5 H:\wamp64\www\TUBES-DIPL\system\View\View.php(222): CodeIgniter\View\View->CodeIgniter\View\{closure}()
#6 H:\wamp64\www\TUBES-DIPL\system\Common.php(1217): CodeIgniter\View\View->render('layout_login/v_...', Array, true)
#7 H:\wamp64\www\TUBES-DIPL\app\Views\layout_login\v_wraper.php(4): view('layout_login/v_...')
#8 H:\wamp64\www\TUBES-DIPL\system\View\View.php(220): include('H:\\wamp64\\www\\T...')
#9 H:\wamp64\www\TUBES-DIPL\system\View\View.php(222): CodeIgniter\View\View->CodeIgniter\View\{closure}()
#10 H:\wamp64\www\TUBES-DIPL\system\Common.php(1217): CodeIgniter\View\View->render('layout_login/v_...', Array, true)
#11 H:\wamp64\www\TUBES-DIPL\app\Controllers\Login_Pengguna.php(13): view('layout_login/v_...', Array)
#12 H:\wamp64\www\TUBES-DIPL\system\CodeIgniter.php(936): App\Controllers\Login_Pengguna->index()
#13 H:\wamp64\www\TUBES-DIPL\system\CodeIgniter.php(432): CodeIgniter\CodeIgniter->runController(Object(App\Controllers\Login_Pengguna))
#14 H:\wamp64\www\TUBES-DIPL\system\CodeIgniter.php(333): CodeIgniter\CodeIgniter->handleRequest(NULL, Object(Config\Cache), false)
#15 H:\wamp64\www\TUBES-DIPL\index.php(44): CodeIgniter\CodeIgniter->run()
#16 {main}
CRITICAL - 2021-06-03 09:26:00 --> Call to undefined function form_open()
#0 H:\wamp64\www\TUBES-DIPL\system\View\View.php(220): include()
#1 H:\wamp64\www\TUBES-DIPL\system\View\View.php(222): CodeIgniter\View\View->CodeIgniter\View\{closure}()
#2 H:\wamp64\www\TUBES-DIPL\system\Common.php(1217): CodeIgniter\View\View->render('login\\login_pen...', Array, true)
#3 H:\wamp64\www\TUBES-DIPL\app\Views\layout_login\v_content.php(3): view('login\\login_pen...')
#4 H:\wamp64\www\TUBES-DIPL\system\View\View.php(220): include('H:\\wamp64\\www\\T...')
#5 H:\wamp64\www\TUBES-DIPL\system\View\View.php(222): CodeIgniter\View\View->CodeIgniter\View\{closure}()
#6 H:\wamp64\www\TUBES-DIPL\system\Common.php(1217): CodeIgniter\View\View->render('layout_login/v_...', Array, true)
#7 H:\wamp64\www\TUBES-DIPL\app\Views\layout_login\v_wraper.php(4): view('layout_login/v_...')
#8 H:\wamp64\www\TUBES-DIPL\system\View\View.php(220): include('H:\\wamp64\\www\\T...')
#9 H:\wamp64\www\TUBES-DIPL\system\View\View.php(222): CodeIgniter\View\View->CodeIgniter\View\{closure}()
#10 H:\wamp64\www\TUBES-DIPL\system\Common.php(1217): CodeIgniter\View\View->render('layout_login/v_...', Array, true)
#11 H:\wamp64\www\TUBES-DIPL\app\Controllers\Login_Pengguna.php(13): view('layout_login/v_...', Array)
#12 H:\wamp64\www\TUBES-DIPL\system\CodeIgniter.php(936): App\Controllers\Login_Pengguna->index()
#13 H:\wamp64\www\TUBES-DIPL\system\CodeIgniter.php(432): CodeIgniter\CodeIgniter->runController(Object(App\Controllers\Login_Pengguna))
#14 H:\wamp64\www\TUBES-DIPL\system\CodeIgniter.php(333): CodeIgniter\CodeIgniter->handleRequest(NULL, Object(Config\Cache), false)
#15 H:\wamp64\www\TUBES-DIPL\index.php(44): CodeIgniter\CodeIgniter->run()
#16 {main}
CRITICAL - 2021-06-03 09:26:35 --> Call to undefined function form_open()
#0 H:\wamp64\www\TUBES-DIPL\system\View\View.php(220): include()
#1 H:\wamp64\www\TUBES-DIPL\system\View\View.php(222): CodeIgniter\View\View->CodeIgniter\View\{closure}()
#2 H:\wamp64\www\TUBES-DIPL\system\Common.php(1217): CodeIgniter\View\View->render('login\\login_pen...', Array, true)
#3 H:\wamp64\www\TUBES-DIPL\app\Views\layout_login\v_content.php(3): view('login\\login_pen...')
#4 H:\wamp64\www\TUBES-DIPL\system\View\View.php(220): include('H:\\wamp64\\www\\T...')
#5 H:\wamp64\www\TUBES-DIPL\system\View\View.php(222): CodeIgniter\View\View->CodeIgniter\View\{closure}()
#6 H:\wamp64\www\TUBES-DIPL\system\Common.php(1217): CodeIgniter\View\View->render('layout_login/v_...', Array, true)
#7 H:\wamp64\www\TUBES-DIPL\app\Views\layout_login\v_wraper.php(4): view('layout_login/v_...')
#8 H:\wamp64\www\TUBES-DIPL\system\View\View.php(220): include('H:\\wamp64\\www\\T...')
#9 H:\wamp64\www\TUBES-DIPL\system\View\View.php(222): CodeIgniter\View\View->CodeIgniter\View\{closure}()
#10 H:\wamp64\www\TUBES-DIPL\system\Common.php(1217): CodeIgniter\View\View->render('layout_login/v_...', Array, true)
#11 H:\wamp64\www\TUBES-DIPL\app\Controllers\Login_Pengguna.php(13): view('layout_login/v_...', Array)
#12 H:\wamp64\www\TUBES-DIPL\system\CodeIgniter.php(936): App\Controllers\Login_Pengguna->index()
#13 H:\wamp64\www\TUBES-DIPL\system\CodeIgniter.php(432): CodeIgniter\CodeIgniter->runController(Object(App\Controllers\Login_Pengguna))
#14 H:\wamp64\www\TUBES-DIPL\system\CodeIgniter.php(333): CodeIgniter\CodeIgniter->handleRequest(NULL, Object(Config\Cache), false)
#15 H:\wamp64\www\TUBES-DIPL\index.php(44): CodeIgniter\CodeIgniter->run()
#16 {main}
CRITICAL - 2021-06-03 09:26:47 --> Call to undefined function form_open()
#0 H:\wamp64\www\TUBES-DIPL\system\View\View.php(220): include()
#1 H:\wamp64\www\TUBES-DIPL\system\View\View.php(222): CodeIgniter\View\View->CodeIgniter\View\{closure}()
#2 H:\wamp64\www\TUBES-DIPL\system\Common.php(1217): CodeIgniter\View\View->render('login\\login_pen...', Array, true)
#3 H:\wamp64\www\TUBES-DIPL\app\Views\layout_login\v_content.php(3): view('login\\login_pen...')
#4 H:\wamp64\www\TUBES-DIPL\system\View\View.php(220): include('H:\\wamp64\\www\\T...')
#5 H:\wamp64\www\TUBES-DIPL\system\View\View.php(222): CodeIgniter\View\View->CodeIgniter\View\{closure}()
#6 H:\wamp64\www\TUBES-DIPL\system\Common.php(1217): CodeIgniter\View\View->render('layout_login/v_...', Array, true)
#7 H:\wamp64\www\TUBES-DIPL\app\Views\layout_login\v_wraper.php(4): view('layout_login/v_...')
#8 H:\wamp64\www\TUBES-DIPL\system\View\View.php(220): include('H:\\wamp64\\www\\T...')
#9 H:\wamp64\www\TUBES-DIPL\system\View\View.php(222): CodeIgniter\View\View->CodeIgniter\View\{closure}()
#10 H:\wamp64\www\TUBES-DIPL\system\Common.php(1217): CodeIgniter\View\View->render('layout_login/v_...', Array, true)
#11 H:\wamp64\www\TUBES-DIPL\app\Controllers\Login_Pengguna.php(13): view('layout_login/v_...', Array)
#12 H:\wamp64\www\TUBES-DIPL\system\CodeIgniter.php(936): App\Controllers\Login_Pengguna->index()
#13 H:\wamp64\www\TUBES-DIPL\system\CodeIgniter.php(432): CodeIgniter\CodeIgniter->runController(Object(App\Controllers\Login_Pengguna))
#14 H:\wamp64\www\TUBES-DIPL\system\CodeIgniter.php(333): CodeIgniter\CodeIgniter->handleRequest(NULL, Object(Config\Cache), false)
#15 H:\wamp64\www\TUBES-DIPL\index.php(44): CodeIgniter\CodeIgniter->run()
#16 {main}
CRITICAL - 2021-06-03 09:26:50 --> Call to undefined function form_open()
#0 H:\wamp64\www\TUBES-DIPL\system\View\View.php(220): include()
#1 H:\wamp64\www\TUBES-DIPL\system\View\View.php(222): CodeIgniter\View\View->CodeIgniter\View\{closure}()
#2 H:\wamp64\www\TUBES-DIPL\system\Common.php(1217): CodeIgniter\View\View->render('login\\login_pen...', Array, true)
#3 H:\wamp64\www\TUBES-DIPL\app\Views\layout_login\v_content.php(3): view('login\\login_pen...')
#4 H:\wamp64\www\TUBES-DIPL\system\View\View.php(220): include('H:\\wamp64\\www\\T...')
#5 H:\wamp64\www\TUBES-DIPL\system\View\View.php(222): CodeIgniter\View\View->CodeIgniter\View\{closure}()
#6 H:\wamp64\www\TUBES-DIPL\system\Common.php(1217): CodeIgniter\View\View->render('layout_login/v_...', Array, true)
#7 H:\wamp64\www\TUBES-DIPL\app\Views\layout_login\v_wraper.php(4): view('layout_login/v_...')
#8 H:\wamp64\www\TUBES-DIPL\system\View\View.php(220): include('H:\\wamp64\\www\\T...')
#9 H:\wamp64\www\TUBES-DIPL\system\View\View.php(222): CodeIgniter\View\View->CodeIgniter\View\{closure}()
#10 H:\wamp64\www\TUBES-DIPL\system\Common.php(1217): CodeIgniter\View\View->render('layout_login/v_...', Array, true)
#11 H:\wamp64\www\TUBES-DIPL\app\Controllers\Login_Pengguna.php(13): view('layout_login/v_...', Array)
#12 H:\wamp64\www\TUBES-DIPL\system\CodeIgniter.php(936): App\Controllers\Login_Pengguna->index()
#13 H:\wamp64\www\TUBES-DIPL\system\CodeIgniter.php(432): CodeIgniter\CodeIgniter->runController(Object(App\Controllers\Login_Pengguna))
#14 H:\wamp64\www\TUBES-DIPL\system\CodeIgniter.php(333): CodeIgniter\CodeIgniter->handleRequest(NULL, Object(Config\Cache), false)
#15 H:\wamp64\www\TUBES-DIPL\index.php(44): CodeIgniter\CodeIgniter->run()
#16 {main}
CRITICAL - 2021-06-03 09:27:02 --> Call to undefined function form_open()
#0 H:\wamp64\www\TUBES-DIPL\system\View\View.php(220): include()
#1 H:\wamp64\www\TUBES-DIPL\system\View\View.php(222): CodeIgniter\View\View->CodeIgniter\View\{closure}()
#2 H:\wamp64\www\TUBES-DIPL\system\Common.php(1217): CodeIgniter\View\View->render('login\\login_pen...', Array, true)
#3 H:\wamp64\www\TUBES-DIPL\app\Views\layout_login\v_content.php(3): view('login\\login_pen...')
#4 H:\wamp64\www\TUBES-DIPL\system\View\View.php(220): include('H:\\wamp64\\www\\T...')
#5 H:\wamp64\www\TUBES-DIPL\system\View\View.php(222): CodeIgniter\View\View->CodeIgniter\View\{closure}()
#6 H:\wamp64\www\TUBES-DIPL\system\Common.php(1217): CodeIgniter\View\View->render('layout_login/v_...', Array, true)
#7 H:\wamp64\www\TUBES-DIPL\app\Views\layout_login\v_wraper.php(4): view('layout_login/v_...')
#8 H:\wamp64\www\TUBES-DIPL\system\View\View.php(220): include('H:\\wamp64\\www\\T...')
#9 H:\wamp64\www\TUBES-DIPL\system\View\View.php(222): CodeIgniter\View\View->CodeIgniter\View\{closure}()
#10 H:\wamp64\www\TUBES-DIPL\system\Common.php(1217): CodeIgniter\View\View->render('layout_login/v_...', Array, true)
#11 H:\wamp64\www\TUBES-DIPL\app\Controllers\Login_Pengguna.php(13): view('layout_login/v_...', Array)
#12 H:\wamp64\www\TUBES-DIPL\system\CodeIgniter.php(936): App\Controllers\Login_Pengguna->index()
#13 H:\wamp64\www\TUBES-DIPL\system\CodeIgniter.php(432): CodeIgniter\CodeIgniter->runController(Object(App\Controllers\Login_Pengguna))
#14 H:\wamp64\www\TUBES-DIPL\system\CodeIgniter.php(333): CodeIgniter\CodeIgniter->handleRequest(NULL, Object(Config\Cache), false)
#15 H:\wamp64\www\TUBES-DIPL\index.php(44): CodeIgniter\CodeIgniter->run()
#16 {main}
CRITICAL - 2021-06-03 09:27:22 --> Call to undefined function form_open()
#0 H:\wamp64\www\TUBES-DIPL\system\View\View.php(220): include()
#1 H:\wamp64\www\TUBES-DIPL\system\View\View.php(222): CodeIgniter\View\View->CodeIgniter\View\{closure}()
#2 H:\wamp64\www\TUBES-DIPL\system\Common.php(1217): CodeIgniter\View\View->render('login\\login_pen...', Array, true)
#3 H:\wamp64\www\TUBES-DIPL\app\Views\layout_login\v_content.php(3): view('login\\login_pen...')
#4 H:\wamp64\www\TUBES-DIPL\system\View\View.php(220): include('H:\\wamp64\\www\\T...')
#5 H:\wamp64\www\TUBES-DIPL\system\View\View.php(222): CodeIgniter\View\View->CodeIgniter\View\{closure}()
#6 H:\wamp64\www\TUBES-DIPL\system\Common.php(1217): CodeIgniter\View\View->render('layout_login/v_...', Array, true)
#7 H:\wamp64\www\TUBES-DIPL\app\Views\layout_login\v_wraper.php(4): view('layout_login/v_...')
#8 H:\wamp64\www\TUBES-DIPL\system\View\View.php(220): include('H:\\wamp64\\www\\T...')
#9 H:\wamp64\www\TUBES-DIPL\system\View\View.php(222): CodeIgniter\View\View->CodeIgniter\View\{closure}()
#10 H:\wamp64\www\TUBES-DIPL\system\Common.php(1217): CodeIgniter\View\View->render('layout_login/v_...', Array, true)
#11 H:\wamp64\www\TUBES-DIPL\app\Controllers\Login_Pengguna.php(13): view('layout_login/v_...', Array)
#12 H:\wamp64\www\TUBES-DIPL\system\CodeIgniter.php(936): App\Controllers\Login_Pengguna->index()
#13 H:\wamp64\www\TUBES-DIPL\system\CodeIgniter.php(432): CodeIgniter\CodeIgniter->runController(Object(App\Controllers\Login_Pengguna))
#14 H:\wamp64\www\TUBES-DIPL\system\CodeIgniter.php(333): CodeIgniter\CodeIgniter->handleRequest(NULL, Object(Config\Cache), false)
#15 H:\wamp64\www\TUBES-DIPL\index.php(44): CodeIgniter\CodeIgniter->run()
#16 {main}
CRITICAL - 2021-06-03 09:28:05 --> Call to undefined function form_open()
#0 H:\wamp64\www\TUBES-DIPL\system\View\View.php(220): include()
#1 H:\wamp64\www\TUBES-DIPL\system\View\View.php(222): CodeIgniter\View\View->CodeIgniter\View\{closure}()
#2 H:\wamp64\www\TUBES-DIPL\system\Common.php(1217): CodeIgniter\View\View->render('login\\login_pen...', Array, true)
#3 H:\wamp64\www\TUBES-DIPL\app\Views\layout_login\v_content.php(3): view('login\\login_pen...')
#4 H:\wamp64\www\TUBES-DIPL\system\View\View.php(220): include('H:\\wamp64\\www\\T...')
#5 H:\wamp64\www\TUBES-DIPL\system\View\View.php(222): CodeIgniter\View\View->CodeIgniter\View\{closure}()
#6 H:\wamp64\www\TUBES-DIPL\system\Common.php(1217): CodeIgniter\View\View->render('layout_login/v_...', Array, true)
#7 H:\wamp64\www\TUBES-DIPL\app\Views\layout_login\v_wraper.php(4): view('layout_login/v_...')
#8 H:\wamp64\www\TUBES-DIPL\system\View\View.php(220): include('H:\\wamp64\\www\\T...')
#9 H:\wamp64\www\TUBES-DIPL\system\View\View.php(222): CodeIgniter\View\View->CodeIgniter\View\{closure}()
#10 H:\wamp64\www\TUBES-DIPL\system\Common.php(1217): CodeIgniter\View\View->render('layout_login/v_...', Array, true)
#11 H:\wamp64\www\TUBES-DIPL\app\Controllers\Login_Pengguna.php(13): view('layout_login/v_...', Array)
#12 H:\wamp64\www\TUBES-DIPL\system\CodeIgniter.php(936): App\Controllers\Login_Pengguna->index()
#13 H:\wamp64\www\TUBES-DIPL\system\CodeIgniter.php(432): CodeIgniter\CodeIgniter->runController(Object(App\Controllers\Login_Pengguna))
#14 H:\wamp64\www\TUBES-DIPL\system\CodeIgniter.php(333): CodeIgniter\CodeIgniter->handleRequest(NULL, Object(Config\Cache), false)
#15 H:\wamp64\www\TUBES-DIPL\index.php(44): CodeIgniter\CodeIgniter->run()
#16 {main}
CRITICAL - 2021-06-03 09:28:33 --> Call to undefined function form_open()
#0 H:\wamp64\www\TUBES-DIPL\system\View\View.php(220): include()
#1 H:\wamp64\www\TUBES-DIPL\system\View\View.php(222): CodeIgniter\View\View->CodeIgniter\View\{closure}()
#2 H:\wamp64\www\TUBES-DIPL\system\Common.php(1217): CodeIgniter\View\View->render('login\\login_pen...', Array, true)
#3 H:\wamp64\www\TUBES-DIPL\app\Views\layout_login\v_content.php(3): view('login\\login_pen...')
#4 H:\wamp64\www\TUBES-DIPL\system\View\View.php(220): include('H:\\wamp64\\www\\T...')
#5 H:\wamp64\www\TUBES-DIPL\system\View\View.php(222): CodeIgniter\View\View->CodeIgniter\View\{closure}()
#6 H:\wamp64\www\TUBES-DIPL\system\Common.php(1217): CodeIgniter\View\View->render('layout_login/v_...', Array, true)
#7 H:\wamp64\www\TUBES-DIPL\app\Views\layout_login\v_wraper.php(4): view('layout_login/v_...')
#8 H:\wamp64\www\TUBES-DIPL\system\View\View.php(220): include('H:\\wamp64\\www\\T...')
#9 H:\wamp64\www\TUBES-DIPL\system\View\View.php(222): CodeIgniter\View\View->CodeIgniter\View\{closure}()
#10 H:\wamp64\www\TUBES-DIPL\system\Common.php(1217): CodeIgniter\View\View->render('layout_login/v_...', Array, true)
#11 H:\wamp64\www\TUBES-DIPL\app\Controllers\Login_Pengguna.php(13): view('layout_login/v_...', Array)
#12 H:\wamp64\www\TUBES-DIPL\system\CodeIgniter.php(936): App\Controllers\Login_Pengguna->index()
#13 H:\wamp64\www\TUBES-DIPL\system\CodeIgniter.php(432): CodeIgniter\CodeIgniter->runController(Object(App\Controllers\Login_Pengguna))
#14 H:\wamp64\www\TUBES-DIPL\system\CodeIgniter.php(333): CodeIgniter\CodeIgniter->handleRequest(NULL, Object(Config\Cache), false)
#15 H:\wamp64\www\TUBES-DIPL\index.php(44): CodeIgniter\CodeIgniter->run()
#16 {main}
CRITICAL - 2021-06-03 09:29:22 --> Call to undefined function form_open()
#0 H:\wamp64\www\TUBES-DIPL\system\View\View.php(220): include()
#1 H:\wamp64\www\TUBES-DIPL\system\View\View.php(222): CodeIgniter\View\View->CodeIgniter\View\{closure}()
#2 H:\wamp64\www\TUBES-DIPL\system\Common.php(1217): CodeIgniter\View\View->render('login\\login_pen...', Array, true)
#3 H:\wamp64\www\TUBES-DIPL\app\Views\layout_login\v_content.php(3): view('login\\login_pen...')
#4 H:\wamp64\www\TUBES-DIPL\system\View\View.php(220): include('H:\\wamp64\\www\\T...')
#5 H:\wamp64\www\TUBES-DIPL\system\View\View.php(222): CodeIgniter\View\View->CodeIgniter\View\{closure}()
#6 H:\wamp64\www\TUBES-DIPL\system\Common.php(1217): CodeIgniter\View\View->render('layout_login/v_...', Array, true)
#7 H:\wamp64\www\TUBES-DIPL\app\Views\layout_login\v_wraper.php(4): view('layout_login/v_...')
#8 H:\wamp64\www\TUBES-DIPL\system\View\View.php(220): include('H:\\wamp64\\www\\T...')
#9 H:\wamp64\www\TUBES-DIPL\system\View\View.php(222): CodeIgniter\View\View->CodeIgniter\View\{closure}()
#10 H:\wamp64\www\TUBES-DIPL\system\Common.php(1217): CodeIgniter\View\View->render('layout_login/v_...', Array, true)
#11 H:\wamp64\www\TUBES-DIPL\app\Controllers\Login_Pengguna.php(13): view('layout_login/v_...', Array)
#12 H:\wamp64\www\TUBES-DIPL\system\CodeIgniter.php(936): App\Controllers\Login_Pengguna->index()
#13 H:\wamp64\www\TUBES-DIPL\system\CodeIgniter.php(432): CodeIgniter\CodeIgniter->runController(Object(App\Controllers\Login_Pengguna))
#14 H:\wamp64\www\TUBES-DIPL\system\CodeIgniter.php(333): CodeIgniter\CodeIgniter->handleRequest(NULL, Object(Config\Cache), false)
#15 H:\wamp64\www\TUBES-DIPL\index.php(44): CodeIgniter\CodeIgniter->run()
#16 {main}
CRITICAL - 2021-06-03 09:30:32 --> Call to undefined function form_open()
#0 H:\wamp64\www\TUBES-DIPL\system\View\View.php(220): include()
#1 H:\wamp64\www\TUBES-DIPL\system\View\View.php(222): CodeIgniter\View\View->CodeIgniter\View\{closure}()
#2 H:\wamp64\www\TUBES-DIPL\system\Common.php(1217): CodeIgniter\View\View->render('login\\login_pen...', Array, true)
#3 H:\wamp64\www\TUBES-DIPL\app\Views\layout_login\v_content.php(3): view('login\\login_pen...')
#4 H:\wamp64\www\TUBES-DIPL\system\View\View.php(220): include('H:\\wamp64\\www\\T...')
#5 H:\wamp64\www\TUBES-DIPL\system\View\View.php(222): CodeIgniter\View\View->CodeIgniter\View\{closure}()
#6 H:\wamp64\www\TUBES-DIPL\system\Common.php(1217): CodeIgniter\View\View->render('layout_login/v_...', Array, true)
#7 H:\wamp64\www\TUBES-DIPL\app\Views\layout_login\v_wraper.php(4): view('layout_login/v_...')
#8 H:\wamp64\www\TUBES-DIPL\system\View\View.php(220): include('H:\\wamp64\\www\\T...')
#9 H:\wamp64\www\TUBES-DIPL\system\View\View.php(222): CodeIgniter\View\View->CodeIgniter\View\{closure}()
#10 H:\wamp64\www\TUBES-DIPL\system\Common.php(1217): CodeIgniter\View\View->render('layout_login/v_...', Array, true)
#11 H:\wamp64\www\TUBES-DIPL\app\Controllers\Login_Pengguna.php(13): view('layout_login/v_...', Array)
#12 H:\wamp64\www\TUBES-DIPL\system\CodeIgniter.php(936): App\Controllers\Login_Pengguna->index()
#13 H:\wamp64\www\TUBES-DIPL\system\CodeIgniter.php(432): CodeIgniter\CodeIgniter->runController(Object(App\Controllers\Login_Pengguna))
#14 H:\wamp64\www\TUBES-DIPL\system\CodeIgniter.php(333): CodeIgniter\CodeIgniter->handleRequest(NULL, Object(Config\Cache), false)
#15 H:\wamp64\www\TUBES-DIPL\index.php(44): CodeIgniter\CodeIgniter->run()
#16 {main}
CRITICAL - 2021-06-03 09:30:37 --> Call to undefined function form_open()
#0 H:\wamp64\www\TUBES-DIPL\system\View\View.php(220): include()
#1 H:\wamp64\www\TUBES-DIPL\system\View\View.php(222): CodeIgniter\View\View->CodeIgniter\View\{closure}()
#2 H:\wamp64\www\TUBES-DIPL\system\Common.php(1217): CodeIgniter\View\View->render('login\\login_pen...', Array, true)
#3 H:\wamp64\www\TUBES-DIPL\app\Views\layout_login\v_content.php(3): view('login\\login_pen...')
#4 H:\wamp64\www\TUBES-DIPL\system\View\View.php(220): include('H:\\wamp64\\www\\T...')
#5 H:\wamp64\www\TUBES-DIPL\system\View\View.php(222): CodeIgniter\View\View->CodeIgniter\View\{closure}()
#6 H:\wamp64\www\TUBES-DIPL\system\Common.php(1217): CodeIgniter\View\View->render('layout_login/v_...', Array, true)
#7 H:\wamp64\www\TUBES-DIPL\app\Views\layout_login\v_wraper.php(4): view('layout_login/v_...')
#8 H:\wamp64\www\TUBES-DIPL\system\View\View.php(220): include('H:\\wamp64\\www\\T...')
#9 H:\wamp64\www\TUBES-DIPL\system\View\View.php(222): CodeIgniter\View\View->CodeIgniter\View\{closure}()
#10 H:\wamp64\www\TUBES-DIPL\system\Common.php(1217): CodeIgniter\View\View->render('layout_login/v_...', Array, true)
#11 H:\wamp64\www\TUBES-DIPL\app\Controllers\Login_Pengguna.php(13): view('layout_login/v_...', Array)
#12 H:\wamp64\www\TUBES-DIPL\system\CodeIgniter.php(936): App\Controllers\Login_Pengguna->index()
#13 H:\wamp64\www\TUBES-DIPL\system\CodeIgniter.php(432): CodeIgniter\CodeIgniter->runController(Object(App\Controllers\Login_Pengguna))
#14 H:\wamp64\www\TUBES-DIPL\system\CodeIgniter.php(333): CodeIgniter\CodeIgniter->handleRequest(NULL, Object(Config\Cache), false)
#15 H:\wamp64\www\TUBES-DIPL\index.php(44): CodeIgniter\CodeIgniter->run()
#16 {main}
CRITICAL - 2021-06-03 09:32:05 --> Call to undefined function form_open()
#0 H:\wamp64\www\TUBES-DIPL\system\View\View.php(220): include()
#1 H:\wamp64\www\TUBES-DIPL\system\View\View.php(222): CodeIgniter\View\View->CodeIgniter\View\{closure}()
#2 H:\wamp64\www\TUBES-DIPL\system\Common.php(1217): CodeIgniter\View\View->render('login\\login_pen...', Array, true)
#3 H:\wamp64\www\TUBES-DIPL\app\Views\layout_login\v_content.php(3): view('login\\login_pen...')
#4 H:\wamp64\www\TUBES-DIPL\system\View\View.php(220): include('H:\\wamp64\\www\\T...')
#5 H:\wamp64\www\TUBES-DIPL\system\View\View.php(222): CodeIgniter\View\View->CodeIgniter\View\{closure}()
#6 H:\wamp64\www\TUBES-DIPL\system\Common.php(1217): CodeIgniter\View\View->render('layout_login/v_...', Array, true)
#7 H:\wamp64\www\TUBES-DIPL\app\Views\layout_login\v_wraper.php(4): view('layout_login/v_...')
#8 H:\wamp64\www\TUBES-DIPL\system\View\View.php(220): include('H:\\wamp64\\www\\T...')
#9 H:\wamp64\www\TUBES-DIPL\system\View\View.php(222): CodeIgniter\View\View->CodeIgniter\View\{closure}()
#10 H:\wamp64\www\TUBES-DIPL\system\Common.php(1217): CodeIgniter\View\View->render('layout_login/v_...', Array, true)
#11 H:\wamp64\www\TUBES-DIPL\app\Controllers\Login_Pengguna.php(13): view('layout_login/v_...', Array)
#12 H:\wamp64\www\TUBES-DIPL\system\CodeIgniter.php(936): App\Controllers\Login_Pengguna->index()
#13 H:\wamp64\www\TUBES-DIPL\system\CodeIgniter.php(432): CodeIgniter\CodeIgniter->runController(Object(App\Controllers\Login_Pengguna))
#14 H:\wamp64\www\TUBES-DIPL\system\CodeIgniter.php(333): CodeIgniter\CodeIgniter->handleRequest(NULL, Object(Config\Cache), false)
#15 H:\wamp64\www\TUBES-DIPL\index.php(44): CodeIgniter\CodeIgniter->run()
#16 {main}
CRITICAL - 2021-06-03 09:32:12 --> Call to undefined function form_open()
#0 H:\wamp64\www\TUBES-DIPL\system\View\View.php(220): include()
#1 H:\wamp64\www\TUBES-DIPL\system\View\View.php(222): CodeIgniter\View\View->CodeIgniter\View\{closure}()
#2 H:\wamp64\www\TUBES-DIPL\system\Common.php(1217): CodeIgniter\View\View->render('login\\login_pen...', Array, true)
#3 H:\wamp64\www\TUBES-DIPL\app\Views\layout_login\v_content.php(3): view('login\\login_pen...')
#4 H:\wamp64\www\TUBES-DIPL\system\View\View.php(220): include('H:\\wamp64\\www\\T...')
#5 H:\wamp64\www\TUBES-DIPL\system\View\View.php(222): CodeIgniter\View\View->CodeIgniter\View\{closure}()
#6 H:\wamp64\www\TUBES-DIPL\system\Common.php(1217): CodeIgniter\View\View->render('layout_login/v_...', Array, true)
#7 H:\wamp64\www\TUBES-DIPL\app\Views\layout_login\v_wraper.php(4): view('layout_login/v_...')
#8 H:\wamp64\www\TUBES-DIPL\system\View\View.php(220): include('H:\\wamp64\\www\\T...')
#9 H:\wamp64\www\TUBES-DIPL\system\View\View.php(222): CodeIgniter\View\View->CodeIgniter\View\{closure}()
#10 H:\wamp64\www\TUBES-DIPL\system\Common.php(1217): CodeIgniter\View\View->render('layout_login/v_...', Array, true)
#11 H:\wamp64\www\TUBES-DIPL\app\Controllers\Login_Pengguna.php(13): view('layout_login/v_...', Array)
#12 H:\wamp64\www\TUBES-DIPL\system\CodeIgniter.php(936): App\Controllers\Login_Pengguna->index()
#13 H:\wamp64\www\TUBES-DIPL\system\CodeIgniter.php(432): CodeIgniter\CodeIgniter->runController(Object(App\Controllers\Login_Pengguna))
#14 H:\wamp64\www\TUBES-DIPL\system\CodeIgniter.php(333): CodeIgniter\CodeIgniter->handleRequest(NULL, Object(Config\Cache), false)
#15 H:\wamp64\www\TUBES-DIPL\index.php(44): CodeIgniter\CodeIgniter->run()
#16 {main}
CRITICAL - 2021-06-03 09:34:33 --> Call to undefined function form_open()
#0 H:\wamp64\www\TUBES-DIPL\system\View\View.php(220): include()
#1 H:\wamp64\www\TUBES-DIPL\system\View\View.php(222): CodeIgniter\View\View->CodeIgniter\View\{closure}()
#2 H:\wamp64\www\TUBES-DIPL\system\Common.php(1217): CodeIgniter\View\View->render('login\\login_pen...', Array, true)
#3 H:\wamp64\www\TUBES-DIPL\app\Views\layout_login\v_content.php(3): view('login\\login_pen...')
#4 H:\wamp64\www\TUBES-DIPL\system\View\View.php(220): include('H:\\wamp64\\www\\T...')
#5 H:\wamp64\www\TUBES-DIPL\system\View\View.php(222): CodeIgniter\View\View->CodeIgniter\View\{closure}()
#6 H:\wamp64\www\TUBES-DIPL\system\Common.php(1217): CodeIgniter\View\View->render('layout_login/v_...', Array, true)
#7 H:\wamp64\www\TUBES-DIPL\app\Views\layout_login\v_wraper.php(4): view('layout_login/v_...')
#8 H:\wamp64\www\TUBES-DIPL\system\View\View.php(220): include('H:\\wamp64\\www\\T...')
#9 H:\wamp64\www\TUBES-DIPL\system\View\View.php(222): CodeIgniter\View\View->CodeIgniter\View\{closure}()
#10 H:\wamp64\www\TUBES-DIPL\system\Common.php(1217): CodeIgniter\View\View->render('layout_login/v_...', Array, true)
#11 H:\wamp64\www\TUBES-DIPL\app\Controllers\Login_Pengguna.php(12): view('layout_login/v_...', Array)
#12 H:\wamp64\www\TUBES-DIPL\system\CodeIgniter.php(936): App\Controllers\Login_Pengguna->index()
#13 H:\wamp64\www\TUBES-DIPL\system\CodeIgniter.php(432): CodeIgniter\CodeIgniter->runController(Object(App\Controllers\Login_Pengguna))
#14 H:\wamp64\www\TUBES-DIPL\system\CodeIgniter.php(333): CodeIgniter\CodeIgniter->handleRequest(NULL, Object(Config\Cache), false)
#15 H:\wamp64\www\TUBES-DIPL\index.php(44): CodeIgniter\CodeIgniter->run()
#16 {main}
CRITICAL - 2021-06-03 09:37:09 --> Call to undefined function form_open()
#0 H:\wamp64\www\TUBES-DIPL\system\View\View.php(220): include()
#1 H:\wamp64\www\TUBES-DIPL\system\View\View.php(222): CodeIgniter\View\View->CodeIgniter\View\{closure}()
#2 H:\wamp64\www\TUBES-DIPL\system\Common.php(1217): CodeIgniter\View\View->render('login\\login_pen...', Array, true)
#3 H:\wamp64\www\TUBES-DIPL\app\Views\layout_login\v_content.php(3): view('login\\login_pen...')
#4 H:\wamp64\www\TUBES-DIPL\system\View\View.php(220): include('H:\\wamp64\\www\\T...')
#5 H:\wamp64\www\TUBES-DIPL\system\View\View.php(222): CodeIgniter\View\View->CodeIgniter\View\{closure}()
#6 H:\wamp64\www\TUBES-DIPL\system\Common.php(1217): CodeIgniter\View\View->render('layout_login/v_...', Array, true)
#7 H:\wamp64\www\TUBES-DIPL\app\Views\layout_login\v_wraper.php(4): view('layout_login/v_...')
#8 H:\wamp64\www\TUBES-DIPL\system\View\View.php(220): include('H:\\wamp64\\www\\T...')
#9 H:\wamp64\www\TUBES-DIPL\system\View\View.php(222): CodeIgniter\View\View->CodeIgniter\View\{closure}()
#10 H:\wamp64\www\TUBES-DIPL\system\Common.php(1217): CodeIgniter\View\View->render('layout_login/v_...', Array, true)
#11 H:\wamp64\www\TUBES-DIPL\app\Controllers\Login_Pengguna.php(12): view('layout_login/v_...', Array)
#12 H:\wamp64\www\TUBES-DIPL\system\CodeIgniter.php(936): App\Controllers\Login_Pengguna->index()
#13 H:\wamp64\www\TUBES-DIPL\system\CodeIgniter.php(432): CodeIgniter\CodeIgniter->runController(Object(App\Controllers\Login_Pengguna))
#14 H:\wamp64\www\TUBES-DIPL\system\CodeIgniter.php(333): CodeIgniter\CodeIgniter->handleRequest(NULL, Object(Config\Cache), false)
#15 H:\wamp64\www\TUBES-DIPL\index.php(44): CodeIgniter\CodeIgniter->run()
#16 {main}
CRITICAL - 2021-06-03 09:37:49 --> Call to undefined function form_open()
#0 H:\wamp64\www\TUBES-DIPL\system\View\View.php(220): include()
#1 H:\wamp64\www\TUBES-DIPL\system\View\View.php(222): CodeIgniter\View\View->CodeIgniter\View\{closure}()
#2 H:\wamp64\www\TUBES-DIPL\system\Common.php(1217): CodeIgniter\View\View->render('login\\login_pen...', Array, true)
#3 H:\wamp64\www\TUBES-DIPL\app\Views\layout_login\v_content.php(3): view('login\\login_pen...')
#4 H:\wamp64\www\TUBES-DIPL\system\View\View.php(220): include('H:\\wamp64\\www\\T...')
#5 H:\wamp64\www\TUBES-DIPL\system\View\View.php(222): CodeIgniter\View\View->CodeIgniter\View\{closure}()
#6 H:\wamp64\www\TUBES-DIPL\system\Common.php(1217): CodeIgniter\View\View->render('layout_login/v_...', Array, true)
#7 H:\wamp64\www\TUBES-DIPL\app\Views\layout_login\v_wraper.php(4): view('layout_login/v_...')
#8 H:\wamp64\www\TUBES-DIPL\system\View\View.php(220): include('H:\\wamp64\\www\\T...')
#9 H:\wamp64\www\TUBES-DIPL\system\View\View.php(222): CodeIgniter\View\View->CodeIgniter\View\{closure}()
#10 H:\wamp64\www\TUBES-DIPL\system\Common.php(1217): CodeIgniter\View\View->render('layout_login/v_...', Array, true)
#11 H:\wamp64\www\TUBES-DIPL\app\Controllers\Login_Pengguna.php(12): view('layout_login/v_...', Array)
#12 H:\wamp64\www\TUBES-DIPL\system\CodeIgniter.php(936): App\Controllers\Login_Pengguna->index()
#13 H:\wamp64\www\TUBES-DIPL\system\CodeIgniter.php(432): CodeIgniter\CodeIgniter->runController(Object(App\Controllers\Login_Pengguna))
#14 H:\wamp64\www\TUBES-DIPL\system\CodeIgniter.php(333): CodeIgniter\CodeIgniter->handleRequest(NULL, Object(Config\Cache), false)
#15 H:\wamp64\www\TUBES-DIPL\index.php(44): CodeIgniter\CodeIgniter->run()
#16 {main}
CRITICAL - 2021-06-03 09:40:23 --> Undefined variable: isi
#0 H:\wamp64\www\TUBES-DIPL\app\Views\layout\v_content.php(2): CodeIgniter\Debug\Exceptions->errorHandler(8, 'Undefined varia...', 'H:\\wamp64\\www\\T...', 2, Array)
#1 H:\wamp64\www\TUBES-DIPL\system\View\View.php(220): include('H:\\wamp64\\www\\T...')
#2 H:\wamp64\www\TUBES-DIPL\system\View\View.php(222): CodeIgniter\View\View->CodeIgniter\View\{closure}()
#3 H:\wamp64\www\TUBES-DIPL\system\Common.php(1217): CodeIgniter\View\View->render('layout/v_conten...', Array, true)
#4 H:\wamp64\www\TUBES-DIPL\app\Views\layout_login\v_wraper.php(5): view('layout/v_conten...')
#5 H:\wamp64\www\TUBES-DIPL\system\View\View.php(220): include('H:\\wamp64\\www\\T...')
#6 H:\wamp64\www\TUBES-DIPL\system\View\View.php(222): CodeIgniter\View\View->CodeIgniter\View\{closure}()
#7 H:\wamp64\www\TUBES-DIPL\system\Common.php(1217): CodeIgniter\View\View->render('layout_login/v_...', Array, true)
#8 H:\wamp64\www\TUBES-DIPL\app\Controllers\Login_Pengguna.php(12): view('layout_login/v_...', Array)
#9 H:\wamp64\www\TUBES-DIPL\system\CodeIgniter.php(936): App\Controllers\Login_Pengguna->index()
#10 H:\wamp64\www\TUBES-DIPL\system\CodeIgniter.php(432): CodeIgniter\CodeIgniter->runController(Object(App\Controllers\Login_Pengguna))
#11 H:\wamp64\www\TUBES-DIPL\system\CodeIgniter.php(333): CodeIgniter\CodeIgniter->handleRequest(NULL, Object(Config\Cache), false)
#12 H:\wamp64\www\TUBES-DIPL\index.php(44): CodeIgniter\CodeIgniter->run()
#13 {main}
CRITICAL - 2021-06-03 09:46:07 --> Undefined variable: isi
#0 H:\wamp64\www\TUBES-DIPL\app\Views\layout\v_content.php(2): CodeIgniter\Debug\Exceptions->errorHandler(8, 'Undefined varia...', 'H:\\wamp64\\www\\T...', 2, Array)
#1 H:\wamp64\www\TUBES-DIPL\system\View\View.php(220): include('H:\\wamp64\\www\\T...')
#2 H:\wamp64\www\TUBES-DIPL\system\View\View.php(222): CodeIgniter\View\View->CodeIgniter\View\{closure}()
#3 H:\wamp64\www\TUBES-DIPL\system\Common.php(1217): CodeIgniter\View\View->render('layout/v_conten...', Array, true)
#4 H:\wamp64\www\TUBES-DIPL\app\Views\layout_login\v_wraper.php(5): view('layout/v_conten...')
#5 H:\wamp64\www\TUBES-DIPL\system\View\View.php(220): include('H:\\wamp64\\www\\T...')
#6 H:\wamp64\www\TUBES-DIPL\system\View\View.php(222): CodeIgniter\View\View->CodeIgniter\View\{closure}()
#7 H:\wamp64\www\TUBES-DIPL\system\Common.php(1217): CodeIgniter\View\View->render('layout_login/v_...', Array, true)
#8 H:\wamp64\www\TUBES-DIPL\app\Controllers\Login_Pengguna.php(12): view('layout_login/v_...', Array)
#9 H:\wamp64\www\TUBES-DIPL\system\CodeIgniter.php(936): App\Controllers\Login_Pengguna->index()
#10 H:\wamp64\www\TUBES-DIPL\system\CodeIgniter.php(432): CodeIgniter\CodeIgniter->runController(Object(App\Controllers\Login_Pengguna))
#11 H:\wamp64\www\TUBES-DIPL\system\CodeIgniter.php(333): CodeIgniter\CodeIgniter->handleRequest(NULL, Object(Config\Cache), false)
#12 H:\wamp64\www\TUBES-DIPL\index.php(44): CodeIgniter\CodeIgniter->run()
#13 {main}
CRITICAL - 2021-06-03 12:40:26 --> Undefined variable: pengguna
#0 H:\wamp64\www\TUBES-DIPL\app\Views\layout_beasiswa\v_content.php(2): CodeIgniter\Debug\Exceptions->errorHandler(8, 'Undefined varia...', 'H:\\wamp64\\www\\T...', 2, Array)
#1 H:\wamp64\www\TUBES-DIPL\system\View\View.php(220): include('H:\\wamp64\\www\\T...')
#2 H:\wamp64\www\TUBES-DIPL\system\View\View.php(222): CodeIgniter\View\View->CodeIgniter\View\{closure}()
#3 H:\wamp64\www\TUBES-DIPL\system\Common.php(1217): CodeIgniter\View\View->render('layout_beasiswa...', Array, true)
#4 H:\wamp64\www\TUBES-DIPL\app\Views\layout_beasiswa\v_wraper.php(4): view('layout_beasiswa...')
#5 H:\wamp64\www\TUBES-DIPL\system\View\View.php(220): include('H:\\wamp64\\www\\T...')
#6 H:\wamp64\www\TUBES-DIPL\system\View\View.php(222): CodeIgniter\View\View->CodeIgniter\View\{closure}()
#7 H:\wamp64\www\TUBES-DIPL\system\Common.php(1217): CodeIgniter\View\View->render('layout_beasiswa...', Array, true)
#8 H:\wamp64\www\TUBES-DIPL\app\Controllers\Beasiswa.php(13): view('layout_beasiswa...', Array)
#9 H:\wamp64\www\TUBES-DIPL\system\CodeIgniter.php(936): App\Controllers\Beasiswa->index()
#10 H:\wamp64\www\TUBES-DIPL\system\CodeIgniter.php(432): CodeIgniter\CodeIgniter->runController(Object(App\Controllers\Beasiswa))
#11 H:\wamp64\www\TUBES-DIPL\system\CodeIgniter.php(333): CodeIgniter\CodeIgniter->handleRequest(NULL, Object(Config\Cache), false)
#12 H:\wamp64\www\TUBES-DIPL\index.php(44): CodeIgniter\CodeIgniter->run()
#13 {main}
